Starting monitors...
🚀 ArgonWatch Server running on port 3000
📊 Monitoring: System, PM2, GitHub Runner
🚨 Alert Rules: 3 configured
Historical data loaded.
[SystemMonitor] Slow metrics: currentLoad: 299ms, mem: 733ms, fsSize: 740ms, networkStats: 792ms, cpuTemperature: 847ms, cpuCurrentSpeed: 298ms, fsStats: 298ms (Total: 848ms)
[SystemMonitor] Slow metrics: currentLoad: 307ms, mem: 757ms, fsSize: 767ms, networkStats: 798ms, cpuTemperature: 862ms, cpuCurrentSpeed: 307ms, fsStats: 307ms (Total: 863ms)
[SystemMonitor] Slow metrics: currentLoad: 295ms, mem: 733ms, fsSize: 725ms, networkStats: 779ms, cpuTemperature: 836ms, cpuCurrentSpeed: 295ms, fsStats: 295ms (Total: 836ms)
[SystemMonitor] Slow metrics: currentLoad: 299ms, mem: 740ms, fsSize: 750ms, networkStats: 788ms, cpuTemperature: 851ms, cpuCurrentSpeed: 299ms, fsStats: 299ms (Total: 851ms)
[SystemMonitor] Slow metrics: currentLoad: 292ms, mem: 719ms, fsSize: 724ms, networkStats: 783ms, cpuTemperature: 847ms, cpuCurrentSpeed: 292ms, fsStats: 292ms (Total: 847ms)
[SystemMonitor] Slow metrics: currentLoad: 287ms, mem: 709ms, fsSize: 716ms, networkStats: 766ms, cpuTemperature: 823ms, cpuCurrentSpeed: 287ms, fsStats: 287ms (Total: 823ms)
[SystemMonitor] Slow metrics: currentLoad: 292ms, mem: 743ms, fsSize: 734ms, networkStats: 771ms, cpuTemperature: 825ms, cpuCurrentSpeed: 292ms, fsStats: 292ms (Total: 825ms)
[SystemMonitor] Slow metrics: currentLoad: 289ms, mem: 712ms, fsSize: 717ms, networkStats: 765ms, cpuTemperature: 817ms, cpuCurrentSpeed: 289ms, fsStats: 289ms (Total: 817ms)
[SystemMonitor] Slow metrics: currentLoad: 291ms, mem: 727ms, fsSize: 718ms, networkStats: 771ms, cpuTemperature: 826ms, cpuCurrentSpeed: 291ms, fsStats: 291ms (Total: 826ms)
[SystemMonitor] Slow metrics: currentLoad: 294ms, mem: 714ms, fsSize: 725ms, networkStats: 768ms, cpuTemperature: 827ms, cpuCurrentSpeed: 294ms, fsStats: 294ms (Total: 827ms)
[SystemMonitor] Slow metrics: currentLoad: 286ms, mem: 724ms, fsSize: 715ms, networkStats: 767ms, cpuTemperature: 821ms, cpuCurrentSpeed: 286ms, fsStats: 286ms (Total: 821ms)
[SystemMonitor] Slow metrics: currentLoad: 305ms, mem: 753ms, fsSize: 770ms, networkStats: 822ms, cpuTemperature: 881ms, cpuCurrentSpeed: 305ms, fsStats: 305ms (Total: 881ms)
[SystemMonitor] Slow metrics: currentLoad: 287ms, mem: 700ms, fsSize: 717ms, networkStats: 759ms, cpuTemperature: 828ms, cpuCurrentSpeed: 287ms, fsStats: 287ms (Total: 828ms)
[SystemMonitor] Slow metrics: currentLoad: 289ms, mem: 723ms, fsSize: 727ms, networkStats: 765ms, cpuTemperature: 825ms, cpuCurrentSpeed: 289ms, fsStats: 289ms (Total: 825ms)
[SystemMonitor] Slow metrics: currentLoad: 292ms, mem: 719ms, fsSize: 725ms, networkStats: 773ms, cpuTemperature: 822ms, cpuCurrentSpeed: 292ms, fsStats: 292ms (Total: 822ms)
[SystemMonitor] Slow metrics: currentLoad: 296ms, mem: 733ms, fsSize: 742ms, networkStats: 791ms, cpuTemperature: 848ms, cpuCurrentSpeed: 296ms, fsStats: 296ms (Total: 848ms)
[SystemMonitor] Slow metrics: currentLoad: 289ms, mem: 731ms, fsSize: 728ms, networkStats: 768ms, cpuTemperature: 820ms, cpuCurrentSpeed: 289ms, fsStats: 289ms (Total: 820ms)
[SystemMonitor] Slow metrics: currentLoad: 288ms, mem: 717ms, fsSize: 714ms, networkStats: 765ms, cpuTemperature: 819ms, cpuCurrentSpeed: 288ms, fsStats: 288ms (Total: 819ms)
[SystemMonitor] Slow metrics: currentLoad: 291ms, mem: 726ms, fsSize: 721ms, networkStats: 764ms, cpuTemperature: 838ms, cpuCurrentSpeed: 291ms, fsStats: 291ms (Total: 838ms)
[SystemMonitor] Slow metrics: currentLoad: 294ms, mem: 727ms, fsSize: 733ms, networkStats: 779ms, cpuTemperature: 835ms, cpuCurrentSpeed: 294ms, fsStats: 294ms (Total: 835ms)
[SystemMonitor] Slow metrics: currentLoad: 290ms, mem: 718ms, fsSize: 723ms, networkStats: 760ms, cpuTemperature: 819ms, cpuCurrentSpeed: 290ms, fsStats: 290ms (Total: 819ms)
[SystemMonitor] Slow metrics: currentLoad: 286ms, mem: 727ms, fsSize: 721ms, networkStats: 766ms, cpuTemperature: 825ms, cpuCurrentSpeed: 286ms, fsStats: 286ms (Total: 825ms)
[SystemMonitor] Slow metrics: currentLoad: 289ms, mem: 724ms, fsSize: 721ms, networkStats: 776ms, cpuTemperature: 831ms, cpuCurrentSpeed: 289ms, fsStats: 289ms (Total: 831ms)
[SystemMonitor] Slow metrics: currentLoad: 288ms, mem: 721ms, fsSize: 729ms, networkStats: 773ms, cpuTemperature: 842ms, cpuCurrentSpeed: 288ms, fsStats: 288ms (Total: 842ms)
[SystemMonitor] Slow metrics: currentLoad: 290ms, mem: 739ms, fsSize: 728ms, networkStats: 784ms, cpuTemperature: 835ms, cpuCurrentSpeed: 290ms, fsStats: 290ms (Total: 835ms)
[SystemMonitor] Slow metrics: currentLoad: 292ms, mem: 724ms, fsSize: 732ms, networkStats: 772ms, cpuTemperature: 832ms, cpuCurrentSpeed: 292ms, fsStats: 292ms (Total: 832ms)
[SystemMonitor] Slow metrics: currentLoad: 295ms, mem: 788ms, fsSize: 782ms, networkStats: 848ms, cpuTemperature: 904ms, cpuCurrentSpeed: 295ms, fsStats: 295ms (Total: 904ms)
[SystemMonitor] Slow metrics: currentLoad: 289ms, mem: 718ms, fsSize: 723ms, networkStats: 778ms, cpuTemperature: 846ms, cpuCurrentSpeed: 289ms, fsStats: 289ms (Total: 846ms)
[SystemMonitor] Slow metrics: currentLoad: 289ms, mem: 716ms, fsSize: 728ms, networkStats: 766ms, cpuTemperature: 819ms, cpuCurrentSpeed: 289ms, fsStats: 289ms (Total: 819ms)
[SystemMonitor] Slow metrics: currentLoad: 299ms, mem: 744ms, fsSize: 737ms, networkStats: 781ms, cpuTemperature: 837ms, cpuCurrentSpeed: 299ms, fsStats: 299ms (Total: 837ms)
[SystemMonitor] Slow metrics: currentLoad: 284ms, mem: 716ms, fsSize: 723ms, networkStats: 771ms, cpuTemperature: 834ms, cpuCurrentSpeed: 284ms, fsStats: 284ms (Total: 834ms)
[SystemMonitor] Slow metrics: currentLoad: 292ms, mem: 739ms, fsSize: 758ms, networkStats: 801ms, cpuTemperature: 861ms, cpuCurrentSpeed: 292ms, fsStats: 292ms (Total: 861ms)
[SystemMonitor] Slow metrics: currentLoad: 297ms, mem: 744ms, fsSize: 751ms, networkStats: 804ms, cpuTemperature: 867ms, cpuCurrentSpeed: 297ms, fsStats: 297ms (Total: 867ms)
[SystemMonitor] Slow metrics: currentLoad: 291ms, mem: 748ms, fsSize: 733ms, networkStats: 807ms, cpuTemperature: 857ms, cpuCurrentSpeed: 290ms, fsStats: 290ms (Total: 858ms)
[SystemMonitor] Slow metrics: currentLoad: 290ms, mem: 789ms, fsSize: 716ms, networkStats: 856ms, cpuTemperature: 873ms, cpuCurrentSpeed: 290ms, fsStats: 290ms (Total: 873ms)
[SystemMonitor] Slow metrics: currentLoad: 288ms, mem: 725ms, fsSize: 729ms, networkStats: 785ms, cpuTemperature: 826ms, cpuCurrentSpeed: 288ms, fsStats: 288ms (Total: 826ms)
[SystemMonitor] Slow metrics: currentLoad: 291ms, mem: 714ms, fsSize: 722ms, networkStats: 784ms, cpuTemperature: 827ms, cpuCurrentSpeed: 291ms, fsStats: 291ms (Total: 827ms)
[SystemMonitor] Slow metrics: currentLoad: 290ms, mem: 719ms, fsSize: 716ms, networkStats: 763ms, cpuTemperature: 815ms, cpuCurrentSpeed: 290ms, fsStats: 290ms (Total: 815ms)
[SystemMonitor] Slow metrics: currentLoad: 303ms, mem: 732ms, fsSize: 739ms, networkStats: 785ms, cpuTemperature: 839ms, cpuCurrentSpeed: 302ms, fsStats: 302ms (Total: 840ms)
[SystemMonitor] Slow metrics: currentLoad: 297ms, mem: 728ms, fsSize: 720ms, networkStats: 779ms, cpuTemperature: 820ms, cpuCurrentSpeed: 297ms, fsStats: 297ms (Total: 820ms)
[SystemMonitor] Slow metrics: currentLoad: 294ms, mem: 732ms, fsSize: 727ms, networkStats: 795ms, cpuTemperature: 824ms, cpuCurrentSpeed: 294ms, fsStats: 294ms (Total: 824ms)
[SystemMonitor] Slow metrics: currentLoad: 289ms, mem: 716ms, fsSize: 727ms, networkStats: 768ms, cpuTemperature: 822ms, cpuCurrentSpeed: 289ms, fsStats: 289ms (Total: 822ms)
[SystemMonitor] Slow metrics: currentLoad: 294ms, mem: 732ms, fsSize: 744ms, networkStats: 793ms, cpuTemperature: 839ms, cpuCurrentSpeed: 294ms, fsStats: 294ms (Total: 839ms)
[SystemMonitor] Slow metrics: currentLoad: 290ms, mem: 717ms, fsSize: 724ms, networkStats: 761ms, cpuTemperature: 823ms, cpuCurrentSpeed: 290ms, fsStats: 290ms (Total: 823ms)
[SystemMonitor] Slow metrics: currentLoad: 291ms, mem: 715ms, fsSize: 721ms, networkStats: 765ms, cpuTemperature: 823ms, cpuCurrentSpeed: 291ms, fsStats: 291ms (Total: 823ms)
[SystemMonitor] Slow metrics: currentLoad: 292ms, mem: 711ms, fsSize: 719ms, networkStats: 787ms, cpuTemperature: 823ms, cpuCurrentSpeed: 292ms, fsStats: 292ms (Total: 823ms)
[SystemMonitor] Slow metrics: currentLoad: 291ms, mem: 734ms, fsSize: 727ms, networkStats: 782ms, cpuTemperature: 837ms, cpuCurrentSpeed: 291ms, fsStats: 291ms (Total: 837ms)
[SystemMonitor] Slow metrics: currentLoad: 290ms, mem: 731ms, fsSize: 723ms, networkStats: 779ms, cpuTemperature: 842ms, cpuCurrentSpeed: 289ms, fsStats: 289ms (Total: 843ms)
[SystemMonitor] Slow metrics: currentLoad: 288ms, mem: 721ms, fsSize: 718ms, networkStats: 762ms, cpuTemperature: 821ms, cpuCurrentSpeed: 288ms, fsStats: 288ms (Total: 821ms)
[SystemMonitor] Slow metrics: currentLoad: 296ms, mem: 717ms, fsSize: 729ms, networkStats: 786ms, cpuTemperature: 839ms, cpuCurrentSpeed: 296ms, fsStats: 296ms (Total: 839ms)
[SystemMonitor] Slow metrics: currentLoad: 290ms, mem: 737ms, fsSize: 737ms, networkStats: 810ms, cpuTemperature: 847ms, cpuCurrentSpeed: 290ms, fsStats: 290ms (Total: 847ms)
[SystemMonitor] Slow metrics: currentLoad: 295ms, mem: 738ms, fsSize: 730ms, networkStats: 780ms, cpuTemperature: 831ms, cpuCurrentSpeed: 295ms, fsStats: 295ms (Total: 831ms)
[SystemMonitor] Slow metrics: currentLoad: 293ms, mem: 734ms, fsSize: 737ms, networkStats: 773ms, cpuTemperature: 843ms, cpuCurrentSpeed: 293ms, fsStats: 293ms (Total: 843ms)
[SystemMonitor] Slow metrics: currentLoad: 290ms, mem: 738ms, fsSize: 731ms, networkStats: 780ms, cpuTemperature: 847ms, cpuCurrentSpeed: 290ms, fsStats: 290ms (Total: 847ms)
[SystemMonitor] Slow metrics: currentLoad: 293ms, mem: 728ms, fsSize: 742ms, networkStats: 787ms, cpuTemperature: 864ms, cpuCurrentSpeed: 293ms, fsStats: 293ms (Total: 864ms)
[SystemMonitor] Slow metrics: currentLoad: 291ms, mem: 980ms, fsSize: 985ms, networkStats: 1020ms, cpuTemperature: 1084ms, cpuCurrentSpeed: 291ms, fsStats: 291ms (Total: 1084ms)
[SystemMonitor] Slow metrics: currentLoad: 292ms, mem: 736ms, fsSize: 727ms, networkStats: 773ms, cpuTemperature: 830ms, cpuCurrentSpeed: 292ms, fsStats: 292ms (Total: 830ms)
[SystemMonitor] Slow metrics: currentLoad: 291ms, mem: 739ms, fsSize: 728ms, networkStats: 775ms, cpuTemperature: 827ms, cpuCurrentSpeed: 291ms, fsStats: 291ms (Total: 827ms)
[SystemMonitor] Slow metrics: currentLoad: 292ms, mem: 727ms, fsSize: 721ms, networkStats: 773ms, cpuTemperature: 830ms, cpuCurrentSpeed: 292ms, fsStats: 292ms (Total: 830ms)
[SystemMonitor] Slow metrics: currentLoad: 291ms, mem: 719ms, fsSize: 715ms, networkStats: 770ms, cpuTemperature: 823ms, cpuCurrentSpeed: 291ms, fsStats: 291ms (Total: 823ms)
[SystemMonitor] Slow metrics: currentLoad: 293ms, mem: 739ms, fsSize: 726ms, networkStats: 802ms, cpuTemperature: 832ms, cpuCurrentSpeed: 293ms, fsStats: 293ms (Total: 832ms)
[SystemMonitor] Slow metrics: currentLoad: 295ms, mem: 737ms, fsSize: 726ms, networkStats: 774ms, cpuTemperature: 823ms, cpuCurrentSpeed: 295ms, fsStats: 295ms (Total: 823ms)
[SystemMonitor] Slow metrics: currentLoad: 291ms, mem: 723ms, fsSize: 738ms, networkStats: 772ms, cpuTemperature: 825ms, cpuCurrentSpeed: 291ms, fsStats: 291ms (Total: 825ms)
[SystemMonitor] Slow metrics: currentLoad: 305ms, mem: 753ms, fsSize: 750ms, networkStats: 805ms, cpuTemperature: 862ms, cpuCurrentSpeed: 305ms, fsStats: 305ms (Total: 862ms)
[SystemMonitor] Slow metrics: currentLoad: 287ms, mem: 713ms, fsSize: 717ms, networkStats: 772ms, cpuTemperature: 830ms, cpuCurrentSpeed: 287ms, fsStats: 287ms (Total: 830ms)
[SystemMonitor] Slow metrics: currentLoad: 291ms, mem: 730ms, fsSize: 741ms, networkStats: 780ms, cpuTemperature: 834ms, cpuCurrentSpeed: 291ms, fsStats: 291ms (Total: 834ms)
[SystemMonitor] Slow metrics: currentLoad: 292ms, mem: 757ms, fsSize: 754ms, networkStats: 804ms, cpuTemperature: 867ms, cpuCurrentSpeed: 292ms, fsStats: 292ms (Total: 867ms)
[SystemMonitor] Slow metrics: currentLoad: 288ms, mem: 719ms, fsSize: 724ms, networkStats: 781ms, cpuTemperature: 842ms, cpuCurrentSpeed: 288ms, fsStats: 288ms (Total: 842ms)
[SystemMonitor] Slow metrics: currentLoad: 288ms, mem: 727ms, fsSize: 721ms, networkStats: 766ms, cpuTemperature: 816ms, cpuCurrentSpeed: 288ms, fsStats: 288ms (Total: 816ms)
[SystemMonitor] Slow metrics: currentLoad: 291ms, mem: 722ms, fsSize: 718ms, networkStats: 765ms, cpuTemperature: 820ms, cpuCurrentSpeed: 291ms, fsStats: 291ms (Total: 820ms)
[SystemMonitor] Slow metrics: currentLoad: 293ms, mem: 732ms, fsSize: 725ms, networkStats: 779ms, cpuTemperature: 824ms, cpuCurrentSpeed: 293ms, fsStats: 293ms (Total: 824ms)
[SystemMonitor] Slow metrics: currentLoad: 292ms, mem: 722ms, fsSize: 726ms, networkStats: 770ms, cpuTemperature: 831ms, cpuCurrentSpeed: 292ms, fsStats: 292ms (Total: 831ms)
[SystemMonitor] Slow metrics: currentLoad: 288ms, mem: 716ms, fsSize: 714ms, networkStats: 767ms, cpuTemperature: 829ms, cpuCurrentSpeed: 288ms, fsStats: 288ms (Total: 829ms)
[SystemMonitor] Slow metrics: currentLoad: 289ms, mem: 712ms, fsSize: 718ms, networkStats: 760ms, cpuTemperature: 813ms, cpuCurrentSpeed: 288ms, fsStats: 289ms (Total: 813ms)
[SystemMonitor] Slow metrics: currentLoad: 291ms, mem: 713ms, fsSize: 719ms, networkStats: 768ms, cpuTemperature: 831ms, cpuCurrentSpeed: 291ms, fsStats: 291ms (Total: 831ms)
[SystemMonitor] Slow metrics: currentLoad: 290ms, mem: 717ms, fsSize: 721ms, networkStats: 767ms, cpuTemperature: 817ms, cpuCurrentSpeed: 290ms, fsStats: 290ms (Total: 817ms)
[SystemMonitor] Slow metrics: currentLoad: 286ms, mem: 724ms, fsSize: 729ms, networkStats: 772ms, cpuTemperature: 825ms, cpuCurrentSpeed: 286ms, fsStats: 286ms (Total: 825ms)
[SystemMonitor] Slow metrics: currentLoad: 288ms, mem: 710ms, fsSize: 716ms, networkStats: 765ms, cpuTemperature: 824ms, cpuCurrentSpeed: 288ms, fsStats: 288ms (Total: 824ms)
[SystemMonitor] Slow metrics: currentLoad: 291ms, mem: 726ms, fsSize: 720ms, networkStats: 772ms, cpuTemperature: 833ms, cpuCurrentSpeed: 291ms, fsStats: 291ms (Total: 833ms)
[SystemMonitor] Slow metrics: currentLoad: 290ms, mem: 726ms, fsSize: 717ms, networkStats: 765ms, cpuTemperature: 833ms, cpuCurrentSpeed: 290ms, fsStats: 290ms (Total: 833ms)
[SystemMonitor] Slow metrics: currentLoad: 291ms, mem: 715ms, fsSize: 724ms, networkStats: 774ms, cpuTemperature: 823ms, cpuCurrentSpeed: 291ms, fsStats: 291ms (Total: 823ms)
[SystemMonitor] Slow metrics: currentLoad: 289ms, mem: 753ms, fsSize: 747ms, networkStats: 776ms, cpuTemperature: 844ms, cpuCurrentSpeed: 289ms, fsStats: 289ms (Total: 845ms)
[SystemMonitor] Slow metrics: currentLoad: 291ms, mem: 724ms, fsSize: 719ms, networkStats: 763ms, cpuTemperature: 823ms, cpuCurrentSpeed: 291ms, fsStats: 291ms (Total: 823ms)
[SystemMonitor] Slow metrics: currentLoad: 292ms, mem: 714ms, fsSize: 722ms, networkStats: 767ms, cpuTemperature: 820ms, cpuCurrentSpeed: 292ms, fsStats: 292ms (Total: 820ms)
[SystemMonitor] Slow metrics: currentLoad: 293ms, mem: 735ms, fsSize: 742ms, networkStats: 781ms, cpuTemperature: 843ms, cpuCurrentSpeed: 293ms, fsStats: 293ms (Total: 843ms)
[SystemMonitor] Slow metrics: currentLoad: 306ms, mem: 732ms, fsSize: 737ms, networkStats: 778ms, cpuTemperature: 836ms, cpuCurrentSpeed: 306ms, fsStats: 306ms (Total: 836ms)
[SystemMonitor] Slow metrics: currentLoad: 292ms, mem: 757ms, fsSize: 756ms, networkStats: 810ms, cpuTemperature: 863ms, cpuCurrentSpeed: 292ms, fsStats: 292ms (Total: 863ms)
[SystemMonitor] Slow metrics: currentLoad: 289ms, mem: 727ms, fsSize: 722ms, networkStats: 770ms, cpuTemperature: 817ms, cpuCurrentSpeed: 289ms, fsStats: 289ms (Total: 817ms)
[SystemMonitor] Slow metrics: currentLoad: 291ms, mem: 731ms, fsSize: 724ms, networkStats: 775ms, cpuTemperature: 824ms, cpuCurrentSpeed: 291ms, fsStats: 291ms (Total: 824ms)
[SystemMonitor] Slow metrics: currentLoad: 290ms, mem: 738ms, fsSize: 726ms, networkStats: 768ms, cpuTemperature: 823ms, cpuCurrentSpeed: 290ms, fsStats: 290ms (Total: 823ms)
[SystemMonitor] Slow metrics: currentLoad: 291ms, mem: 711ms, fsSize: 720ms, networkStats: 777ms, cpuTemperature: 818ms, cpuCurrentSpeed: 291ms, fsStats: 291ms (Total: 818ms)
[SystemMonitor] Slow metrics: currentLoad: 287ms, mem: 737ms, fsSize: 725ms, networkStats: 777ms, cpuTemperature: 831ms, cpuCurrentSpeed: 287ms, fsStats: 287ms (Total: 831ms)
[SystemMonitor] Slow metrics: currentLoad: 290ms, mem: 724ms, fsSize: 728ms, networkStats: 782ms, cpuTemperature: 853ms, cpuCurrentSpeed: 290ms, fsStats: 290ms (Total: 853ms)
[SystemMonitor] Slow metrics: currentLoad: 291ms, mem: 719ms, fsSize: 724ms, networkStats: 769ms, cpuTemperature: 819ms, cpuCurrentSpeed: 291ms, fsStats: 291ms (Total: 819ms)
[SystemMonitor] Slow metrics: currentLoad: 303ms, mem: 727ms, fsSize: 746ms, networkStats: 794ms, cpuTemperature: 856ms, cpuCurrentSpeed: 303ms, fsStats: 303ms (Total: 856ms)
[SystemMonitor] Slow metrics: currentLoad: 287ms, mem: 719ms, fsSize: 727ms, networkStats: 775ms, cpuTemperature: 828ms, cpuCurrentSpeed: 287ms, fsStats: 287ms (Total: 828ms)
[SystemMonitor] Slow metrics: currentLoad: 287ms, mem: 716ms, fsSize: 721ms, networkStats: 766ms, cpuTemperature: 819ms, cpuCurrentSpeed: 287ms, fsStats: 287ms (Total: 819ms)
[SystemMonitor] Slow metrics: currentLoad: 290ms, mem: 724ms, fsSize: 732ms, networkStats: 766ms, cpuTemperature: 824ms, cpuCurrentSpeed: 290ms, fsStats: 290ms (Total: 824ms)
[SystemMonitor] Slow metrics: currentLoad: 290ms, mem: 727ms, fsSize: 724ms, networkStats: 771ms, cpuTemperature: 821ms, cpuCurrentSpeed: 290ms, fsStats: 290ms (Total: 821ms)
[SystemMonitor] Slow metrics: currentLoad: 289ms, mem: 717ms, fsSize: 722ms, networkStats: 768ms, cpuTemperature: 827ms, cpuCurrentSpeed: 289ms, fsStats: 289ms (Total: 827ms)
[SystemMonitor] Slow metrics: currentLoad: 288ms, mem: 724ms, fsSize: 722ms, networkStats: 779ms, cpuTemperature: 837ms, cpuCurrentSpeed: 288ms, fsStats: 288ms (Total: 837ms)
[SystemMonitor] Slow metrics: currentLoad: 288ms, mem: 713ms, fsSize: 720ms, networkStats: 764ms, cpuTemperature: 825ms, cpuCurrentSpeed: 288ms, fsStats: 288ms (Total: 825ms)
[SystemMonitor] Slow metrics: currentLoad: 288ms, mem: 720ms, fsSize: 715ms, networkStats: 761ms, cpuTemperature: 818ms, cpuCurrentSpeed: 288ms, fsStats: 288ms (Total: 818ms)
[SystemMonitor] Slow metrics: currentLoad: 291ms, mem: 722ms, fsSize: 721ms, networkStats: 795ms, cpuTemperature: 830ms, cpuCurrentSpeed: 290ms, fsStats: 290ms (Total: 831ms)
[SystemMonitor] Slow metrics: currentLoad: 289ms, mem: 720ms, fsSize: 724ms, networkStats: 767ms, cpuTemperature: 824ms, cpuCurrentSpeed: 289ms, fsStats: 289ms (Total: 824ms)
[SystemMonitor] Slow metrics: currentLoad: 309ms, mem: 732ms, fsSize: 735ms, networkStats: 804ms, cpuTemperature: 832ms, cpuCurrentSpeed: 309ms, fsStats: 309ms (Total: 833ms)
[SystemMonitor] Slow metrics: currentLoad: 294ms, mem: 727ms, fsSize: 721ms, networkStats: 774ms, cpuTemperature: 844ms, cpuCurrentSpeed: 294ms, fsStats: 294ms (Total: 844ms)
[SystemMonitor] Slow metrics: currentLoad: 290ms, mem: 732ms, fsSize: 738ms, networkStats: 789ms, cpuTemperature: 828ms, cpuCurrentSpeed: 290ms, fsStats: 290ms (Total: 828ms)
[SystemMonitor] Slow metrics: currentLoad: 291ms, mem: 732ms, fsSize: 727ms, networkStats: 767ms, cpuTemperature: 823ms, cpuCurrentSpeed: 291ms, fsStats: 291ms (Total: 823ms)
[SystemMonitor] Slow metrics: currentLoad: 310ms, mem: 767ms, fsSize: 745ms, networkStats: 795ms, cpuTemperature: 850ms, cpuCurrentSpeed: 310ms, fsStats: 310ms (Total: 850ms)
[SystemMonitor] Slow metrics: currentLoad: 290ms, mem: 729ms, fsSize: 724ms, networkStats: 771ms, cpuTemperature: 826ms, cpuCurrentSpeed: 290ms, fsStats: 290ms (Total: 826ms)
[SystemMonitor] Slow metrics: currentLoad: 298ms, mem: 747ms, fsSize: 754ms, networkStats: 806ms, cpuTemperature: 870ms, cpuCurrentSpeed: 298ms, fsStats: 298ms (Total: 870ms)
[SystemMonitor] Slow metrics: currentLoad: 289ms, mem: 704ms, fsSize: 710ms, networkStats: 758ms, cpuTemperature: 817ms, cpuCurrentSpeed: 289ms, fsStats: 289ms (Total: 817ms)
[SystemMonitor] Slow metrics: currentLoad: 299ms, mem: 728ms, fsSize: 719ms, networkStats: 781ms, cpuTemperature: 841ms, cpuCurrentSpeed: 299ms, fsStats: 299ms (Total: 841ms)
[SystemMonitor] Slow metrics: currentLoad: 298ms, mem: 730ms, fsSize: 721ms, networkStats: 787ms, cpuTemperature: 822ms, cpuCurrentSpeed: 298ms, fsStats: 298ms (Total: 822ms)
[SystemMonitor] Slow metrics: currentLoad: 297ms, mem: 748ms, fsSize: 760ms, networkStats: 812ms, cpuTemperature: 860ms, cpuCurrentSpeed: 296ms, fsStats: 297ms (Total: 860ms)
[SystemMonitor] Slow metrics: currentLoad: 291ms, mem: 726ms, fsSize: 722ms, networkStats: 762ms, cpuTemperature: 819ms, cpuCurrentSpeed: 291ms, fsStats: 291ms (Total: 819ms)
[SystemMonitor] Slow metrics: currentLoad: 290ms, mem: 730ms, fsSize: 725ms, networkStats: 775ms, cpuTemperature: 848ms, cpuCurrentSpeed: 290ms, fsStats: 290ms (Total: 848ms)
[SystemMonitor] Slow metrics: currentLoad: 287ms, mem: 717ms, fsSize: 721ms, networkStats: 774ms, cpuTemperature: 824ms, cpuCurrentSpeed: 287ms, fsStats: 287ms (Total: 824ms)
[SystemMonitor] Slow metrics: currentLoad: 288ms, mem: 724ms, fsSize: 723ms, networkStats: 770ms, cpuTemperature: 830ms, cpuCurrentSpeed: 288ms, fsStats: 288ms (Total: 830ms)
[SystemMonitor] Slow metrics: currentLoad: 290ms, mem: 732ms, fsSize: 724ms, networkStats: 778ms, cpuTemperature: 842ms, cpuCurrentSpeed: 290ms, fsStats: 290ms (Total: 842ms)
[SystemMonitor] Slow metrics: currentLoad: 300ms, mem: 769ms, fsSize: 762ms, networkStats: 810ms, cpuTemperature: 876ms, cpuCurrentSpeed: 300ms, fsStats: 300ms (Total: 876ms)
[SystemMonitor] Slow metrics: currentLoad: 292ms, mem: 712ms, fsSize: 727ms, networkStats: 765ms, cpuTemperature: 819ms, cpuCurrentSpeed: 292ms, fsStats: 292ms (Total: 819ms)
[SystemMonitor] Slow metrics: currentLoad: 286ms, mem: 723ms, fsSize: 713ms, networkStats: 764ms, cpuTemperature: 819ms, cpuCurrentSpeed: 286ms, fsStats: 286ms (Total: 819ms)
[SystemMonitor] Slow metrics: currentLoad: 292ms, mem: 720ms, fsSize: 715ms, networkStats: 769ms, cpuTemperature: 826ms, cpuCurrentSpeed: 292ms, fsStats: 292ms (Total: 826ms)
[SystemMonitor] Slow metrics: currentLoad: 311ms, mem: 759ms, fsSize: 754ms, networkStats: 833ms, cpuTemperature: 869ms, cpuCurrentSpeed: 311ms, fsStats: 311ms (Total: 869ms)
[SystemMonitor] Slow metrics: currentLoad: 288ms, mem: 723ms, fsSize: 719ms, networkStats: 765ms, cpuTemperature: 820ms, cpuCurrentSpeed: 288ms, fsStats: 288ms (Total: 820ms)
[SystemMonitor] Slow metrics: currentLoad: 288ms, mem: 730ms, fsSize: 734ms, networkStats: 797ms, cpuTemperature: 839ms, cpuCurrentSpeed: 288ms, fsStats: 288ms (Total: 840ms)
[SystemMonitor] Slow metrics: currentLoad: 291ms, mem: 717ms, fsSize: 725ms, networkStats: 783ms, cpuTemperature: 838ms, cpuCurrentSpeed: 291ms, fsStats: 291ms (Total: 838ms)
[SystemMonitor] Slow metrics: currentLoad: 291ms, mem: 716ms, fsSize: 733ms, networkStats: 781ms, cpuTemperature: 829ms, cpuCurrentSpeed: 291ms, fsStats: 291ms (Total: 829ms)
[SystemMonitor] Slow metrics: currentLoad: 296ms, mem: 732ms, fsSize: 721ms, networkStats: 768ms, cpuTemperature: 826ms, cpuCurrentSpeed: 296ms, fsStats: 296ms (Total: 826ms)
[SystemMonitor] Slow metrics: currentLoad: 287ms, mem: 717ms, fsSize: 721ms, networkStats: 770ms, cpuTemperature: 831ms, cpuCurrentSpeed: 287ms, fsStats: 287ms (Total: 831ms)
[SystemMonitor] Slow metrics: currentLoad: 291ms, mem: 720ms, fsSize: 723ms, networkStats: 773ms, cpuTemperature: 829ms, cpuCurrentSpeed: 291ms, fsStats: 291ms (Total: 829ms)
[SystemMonitor] Slow metrics: currentLoad: 287ms, mem: 717ms, fsSize: 724ms, networkStats: 761ms, cpuTemperature: 822ms, cpuCurrentSpeed: 287ms, fsStats: 287ms (Total: 822ms)
[SystemMonitor] Slow metrics: currentLoad: 288ms, mem: 702ms, fsSize: 717ms, networkStats: 760ms, cpuTemperature: 826ms, cpuCurrentSpeed: 288ms, fsStats: 288ms (Total: 826ms)
[SystemMonitor] Slow metrics: currentLoad: 289ms, mem: 753ms, fsSize: 744ms, networkStats: 820ms, cpuTemperature: 864ms, cpuCurrentSpeed: 289ms, fsStats: 289ms (Total: 864ms)
[SystemMonitor] Slow metrics: currentLoad: 290ms, mem: 736ms, fsSize: 727ms, networkStats: 773ms, cpuTemperature: 841ms, cpuCurrentSpeed: 290ms, fsStats: 290ms (Total: 841ms)
[SystemMonitor] Slow metrics: currentLoad: 288ms, mem: 718ms, fsSize: 724ms, networkStats: 769ms, cpuTemperature: 833ms, cpuCurrentSpeed: 288ms, fsStats: 288ms (Total: 833ms)
[SystemMonitor] Slow metrics: currentLoad: 306ms, mem: 739ms, fsSize: 739ms, networkStats: 788ms, cpuTemperature: 862ms, cpuCurrentSpeed: 306ms, fsStats: 306ms (Total: 862ms)
[SystemMonitor] Slow metrics: currentLoad: 294ms, mem: 731ms, fsSize: 723ms, networkStats: 791ms, cpuTemperature: 851ms, cpuCurrentSpeed: 294ms, fsStats: 294ms (Total: 851ms)
[SystemMonitor] Slow metrics: currentLoad: 293ms, mem: 737ms, fsSize: 729ms, networkStats: 761ms, cpuTemperature: 823ms, cpuCurrentSpeed: 293ms, fsStats: 293ms (Total: 823ms)
[SystemMonitor] Slow metrics: currentLoad: 337ms, mem: 785ms, fsSize: 781ms, networkStats: 847ms, cpuTemperature: 885ms, cpuCurrentSpeed: 337ms, fsStats: 337ms (Total: 885ms)
[SystemMonitor] Slow metrics: currentLoad: 287ms, mem: 699ms, fsSize: 711ms, networkStats: 751ms, cpuTemperature: 838ms, cpuCurrentSpeed: 286ms, fsStats: 287ms (Total: 838ms)
[SystemMonitor] Slow metrics: currentLoad: 296ms, mem: 723ms, fsSize: 722ms, networkStats: 775ms, cpuTemperature: 825ms, cpuCurrentSpeed: 296ms, fsStats: 296ms (Total: 825ms)
[SystemMonitor] Slow metrics: currentLoad: 292ms, mem: 723ms, fsSize: 719ms, networkStats: 772ms, cpuTemperature: 825ms, cpuCurrentSpeed: 292ms, fsStats: 292ms (Total: 825ms)
[SystemMonitor] Slow metrics: currentLoad: 290ms, mem: 729ms, fsSize: 718ms, networkStats: 763ms, cpuTemperature: 819ms, cpuCurrentSpeed: 290ms, fsStats: 290ms (Total: 819ms)
[SystemMonitor] Slow metrics: currentLoad: 312ms, mem: 726ms, fsSize: 731ms, networkStats: 782ms, cpuTemperature: 836ms, cpuCurrentSpeed: 311ms, fsStats: 311ms (Total: 837ms)
