Starting monitors...
🚀 ArgonWatch Server running on port 3000
📊 Monitoring: System, PM2, GitHub Runner
🚨 Alert Rules: 3 configured
Historical data loaded.
[SystemMonitor] Slow metrics: currentLoad: 304ms, mem: 749ms, fsSize: 735ms, networkStats: 801ms, cpuTemperature: 855ms, cpuCurrentSpeed: 302ms, fsStats: 302ms (Total: 856ms)
[SystemMonitor] Slow metrics: currentLoad: 316ms, mem: 834ms, fsSize: 826ms, networkStats: 880ms, cpuTemperature: 942ms, cpuCurrentSpeed: 316ms, fsStats: 316ms (Total: 942ms)
[SystemMonitor] Slow metrics: currentLoad: 289ms, mem: 702ms, fsSize: 694ms, networkStats: 770ms, cpuTemperature: 811ms, cpuCurrentSpeed: 289ms, fsStats: 289ms (Total: 811ms)
[SystemMonitor] Slow metrics: currentLoad: 281ms, mem: 690ms, fsSize: 699ms, networkStats: 744ms, cpuTemperature: 793ms, cpuCurrentSpeed: 281ms, fsStats: 281ms (Total: 793ms)
[SystemMonitor] Slow metrics: currentLoad: 293ms, mem: 726ms, fsSize: 712ms, networkStats: 767ms, cpuTemperature: 805ms, cpuCurrentSpeed: 293ms, fsStats: 293ms (Total: 805ms)
[SystemMonitor] Slow metrics: currentLoad: 284ms, mem: 690ms, fsSize: 693ms, networkStats: 745ms, cpuTemperature: 794ms, cpuCurrentSpeed: 284ms, fsStats: 284ms (Total: 794ms)
[SystemMonitor] Slow metrics: currentLoad: 284ms, mem: 704ms, fsSize: 699ms, networkStats: 743ms, cpuTemperature: 795ms, cpuCurrentSpeed: 284ms, fsStats: 284ms (Total: 795ms)
[SystemMonitor] Slow metrics: currentLoad: 278ms, mem: 709ms, fsSize: 700ms, networkStats: 742ms, cpuTemperature: 797ms, cpuCurrentSpeed: 278ms, fsStats: 278ms (Total: 797ms)
[SystemMonitor] Slow metrics: currentLoad: 282ms, mem: 698ms, fsSize: 693ms, networkStats: 741ms, cpuTemperature: 789ms, cpuCurrentSpeed: 282ms, fsStats: 282ms (Total: 789ms)
[SystemMonitor] Slow metrics: currentLoad: 281ms, mem: 700ms, fsSize: 699ms, networkStats: 741ms, cpuTemperature: 788ms, cpuCurrentSpeed: 281ms, fsStats: 281ms (Total: 788ms)
[SystemMonitor] Slow metrics: currentLoad: 284ms, mem: 713ms, fsSize: 700ms, networkStats: 771ms, cpuTemperature: 794ms, cpuCurrentSpeed: 283ms, fsStats: 283ms (Total: 795ms)
[SystemMonitor] Slow metrics: currentLoad: 282ms, mem: 694ms, fsSize: 695ms, networkStats: 742ms, cpuTemperature: 794ms, cpuCurrentSpeed: 282ms, fsStats: 282ms (Total: 794ms)
[SystemMonitor] Slow metrics: currentLoad: 286ms, mem: 718ms, fsSize: 710ms, networkStats: 743ms, cpuTemperature: 790ms, cpuCurrentSpeed: 286ms, fsStats: 286ms (Total: 790ms)
[SystemMonitor] Slow metrics: currentLoad: 281ms, mem: 696ms, fsSize: 703ms, networkStats: 750ms, cpuTemperature: 804ms, cpuCurrentSpeed: 281ms, fsStats: 281ms (Total: 804ms)
[SystemMonitor] Slow metrics: currentLoad: 283ms, mem: 699ms, fsSize: 689ms, networkStats: 739ms, cpuTemperature: 785ms, cpuCurrentSpeed: 283ms, fsStats: 283ms (Total: 785ms)
[SystemMonitor] Slow metrics: currentLoad: 284ms, mem: 706ms, fsSize: 700ms, networkStats: 745ms, cpuTemperature: 786ms, cpuCurrentSpeed: 284ms, fsStats: 284ms (Total: 786ms)
[SystemMonitor] Slow metrics: currentLoad: 288ms, mem: 706ms, fsSize: 699ms, networkStats: 761ms, cpuTemperature: 795ms, cpuCurrentSpeed: 288ms, fsStats: 288ms (Total: 795ms)
[SystemMonitor] Slow metrics: currentLoad: 278ms, mem: 685ms, fsSize: 689ms, networkStats: 736ms, cpuTemperature: 785ms, cpuCurrentSpeed: 278ms, fsStats: 278ms (Total: 785ms)
[SystemMonitor] Slow metrics: currentLoad: 279ms, mem: 686ms, fsSize: 690ms, networkStats: 738ms, cpuTemperature: 790ms, cpuCurrentSpeed: 279ms, fsStats: 279ms (Total: 790ms)
[SystemMonitor] Slow metrics: currentLoad: 279ms, mem: 686ms, fsSize: 692ms, networkStats: 740ms, cpuTemperature: 784ms, cpuCurrentSpeed: 279ms, fsStats: 279ms (Total: 784ms)
[SystemMonitor] Slow metrics: currentLoad: 279ms, mem: 690ms, fsSize: 694ms, networkStats: 743ms, cpuTemperature: 792ms, cpuCurrentSpeed: 279ms, fsStats: 279ms (Total: 792ms)
[SystemMonitor] Slow metrics: currentLoad: 285ms, mem: 714ms, fsSize: 705ms, networkStats: 742ms, cpuTemperature: 793ms, cpuCurrentSpeed: 285ms, fsStats: 285ms (Total: 793ms)
[SystemMonitor] Slow metrics: currentLoad: 290ms, mem: 729ms, fsSize: 721ms, networkStats: 757ms, cpuTemperature: 821ms, cpuCurrentSpeed: 290ms, fsStats: 290ms (Total: 821ms)
[SystemMonitor] Slow metrics: currentLoad: 279ms, mem: 684ms, fsSize: 689ms, networkStats: 737ms, cpuTemperature: 788ms, cpuCurrentSpeed: 279ms, fsStats: 279ms (Total: 788ms)
[SystemMonitor] Slow metrics: currentLoad: 281ms, mem: 703ms, fsSize: 701ms, networkStats: 745ms, cpuTemperature: 798ms, cpuCurrentSpeed: 281ms, fsStats: 281ms (Total: 798ms)
[SystemMonitor] Slow metrics: currentLoad: 299ms, mem: 715ms, fsSize: 707ms, networkStats: 762ms, cpuTemperature: 823ms, cpuCurrentSpeed: 299ms, fsStats: 299ms (Total: 823ms)
[SystemMonitor] Slow metrics: currentLoad: 288ms, mem: 729ms, fsSize: 727ms, networkStats: 768ms, cpuTemperature: 815ms, cpuCurrentSpeed: 288ms, fsStats: 288ms (Total: 815ms)
[SystemMonitor] Slow metrics: currentLoad: 283ms, mem: 691ms, fsSize: 696ms, networkStats: 749ms, cpuTemperature: 786ms, cpuCurrentSpeed: 283ms, fsStats: 283ms (Total: 786ms)
[SystemMonitor] Slow metrics: currentLoad: 284ms, mem: 686ms, fsSize: 692ms, networkStats: 735ms, cpuTemperature: 794ms, cpuCurrentSpeed: 284ms, fsStats: 284ms (Total: 794ms)
[SystemMonitor] Slow metrics: currentLoad: 284ms, mem: 687ms, fsSize: 689ms, networkStats: 754ms, cpuTemperature: 789ms, cpuCurrentSpeed: 284ms, fsStats: 284ms (Total: 789ms)
[SystemMonitor] Slow metrics: currentLoad: 285ms, mem: 693ms, fsSize: 698ms, networkStats: 754ms, cpuTemperature: 800ms, cpuCurrentSpeed: 285ms, fsStats: 285ms (Total: 800ms)
[SystemMonitor] Slow metrics: currentLoad: 289ms, mem: 708ms, fsSize: 711ms, networkStats: 759ms, cpuTemperature: 808ms, cpuCurrentSpeed: 289ms, fsStats: 289ms (Total: 808ms)
[SystemMonitor] Slow metrics: currentLoad: 302ms, mem: 721ms, fsSize: 740ms, networkStats: 761ms, cpuTemperature: 823ms, cpuCurrentSpeed: 302ms, fsStats: 302ms (Total: 823ms)
[SystemMonitor] Slow metrics: currentLoad: 285ms, mem: 685ms, fsSize: 686ms, networkStats: 736ms, cpuTemperature: 782ms, cpuCurrentSpeed: 285ms, fsStats: 285ms (Total: 782ms)
[SystemMonitor] Slow metrics: currentLoad: 279ms, mem: 690ms, fsSize: 696ms, networkStats: 746ms, cpuTemperature: 795ms, cpuCurrentSpeed: 279ms, fsStats: 279ms (Total: 795ms)
[SystemMonitor] Slow metrics: currentLoad: 284ms, mem: 691ms, fsSize: 696ms, networkStats: 748ms, cpuTemperature: 790ms, cpuCurrentSpeed: 284ms, fsStats: 284ms (Total: 790ms)
[SystemMonitor] Slow metrics: currentLoad: 283ms, mem: 722ms, fsSize: 714ms, networkStats: 755ms, cpuTemperature: 818ms, cpuCurrentSpeed: 283ms, fsStats: 283ms (Total: 819ms)
[SystemMonitor] Slow metrics: currentLoad: 287ms, mem: 698ms, fsSize: 698ms, networkStats: 764ms, cpuTemperature: 793ms, cpuCurrentSpeed: 287ms, fsStats: 287ms (Total: 793ms)
[SystemMonitor] Slow metrics: currentLoad: 280ms, mem: 710ms, fsSize: 702ms, networkStats: 747ms, cpuTemperature: 781ms, cpuCurrentSpeed: 280ms, fsStats: 280ms (Total: 781ms)
[SystemMonitor] Slow metrics: currentLoad: 281ms, mem: 701ms, fsSize: 701ms, networkStats: 754ms, cpuTemperature: 792ms, cpuCurrentSpeed: 281ms, fsStats: 281ms (Total: 792ms)
[SystemMonitor] Slow metrics: currentLoad: 280ms, mem: 708ms, fsSize: 699ms, networkStats: 737ms, cpuTemperature: 792ms, cpuCurrentSpeed: 280ms, fsStats: 280ms (Total: 792ms)
[SystemMonitor] Slow metrics: currentLoad: 280ms, mem: 707ms, fsSize: 691ms, networkStats: 738ms, cpuTemperature: 789ms, cpuCurrentSpeed: 280ms, fsStats: 280ms (Total: 789ms)
[SystemMonitor] Slow metrics: currentLoad: 282ms, mem: 714ms, fsSize: 704ms, networkStats: 748ms, cpuTemperature: 796ms, cpuCurrentSpeed: 281ms, fsStats: 281ms (Total: 797ms)
[SystemMonitor] Slow metrics: currentLoad: 285ms, mem: 695ms, fsSize: 697ms, networkStats: 748ms, cpuTemperature: 797ms, cpuCurrentSpeed: 285ms, fsStats: 285ms (Total: 797ms)
[SystemMonitor] Slow metrics: currentLoad: 279ms, mem: 716ms, fsSize: 708ms, networkStats: 758ms, cpuTemperature: 795ms, cpuCurrentSpeed: 279ms, fsStats: 279ms (Total: 795ms)
[SystemMonitor] Slow metrics: currentLoad: 280ms, mem: 696ms, fsSize: 701ms, networkStats: 743ms, cpuTemperature: 789ms, cpuCurrentSpeed: 280ms, fsStats: 280ms (Total: 789ms)
[SystemMonitor] Slow metrics: currentLoad: 281ms, mem: 701ms, fsSize: 698ms, networkStats: 744ms, cpuTemperature: 793ms, cpuCurrentSpeed: 281ms, fsStats: 281ms (Total: 793ms)
[SystemMonitor] Slow metrics: currentLoad: 282ms, mem: 705ms, fsSize: 700ms, networkStats: 742ms, cpuTemperature: 793ms, cpuCurrentSpeed: 282ms, fsStats: 282ms (Total: 793ms)
[SystemMonitor] Slow metrics: currentLoad: 281ms, mem: 694ms, fsSize: 692ms, networkStats: 737ms, cpuTemperature: 798ms, cpuCurrentSpeed: 281ms, fsStats: 281ms (Total: 798ms)
[SystemMonitor] Slow metrics: currentLoad: 282ms, mem: 694ms, fsSize: 699ms, networkStats: 735ms, cpuTemperature: 791ms, cpuCurrentSpeed: 282ms, fsStats: 282ms (Total: 791ms)
[SystemMonitor] Slow metrics: currentLoad: 284ms, mem: 689ms, fsSize: 699ms, networkStats: 733ms, cpuTemperature: 791ms, cpuCurrentSpeed: 284ms, fsStats: 284ms (Total: 791ms)
[SystemMonitor] Slow metrics: currentLoad: 285ms, mem: 693ms, fsSize: 690ms, networkStats: 736ms, cpuTemperature: 783ms, cpuCurrentSpeed: 285ms, fsStats: 285ms (Total: 783ms)
[SystemMonitor] Slow metrics: currentLoad: 282ms, mem: 699ms, fsSize: 690ms, networkStats: 744ms, cpuTemperature: 791ms, cpuCurrentSpeed: 282ms, fsStats: 282ms (Total: 791ms)
[SystemMonitor] Slow metrics: currentLoad: 298ms, mem: 695ms, fsSize: 716ms, networkStats: 748ms, cpuTemperature: 802ms, cpuCurrentSpeed: 298ms, fsStats: 298ms (Total: 802ms)
[SystemMonitor] Slow metrics: currentLoad: 282ms, mem: 701ms, fsSize: 696ms, networkStats: 757ms, cpuTemperature: 794ms, cpuCurrentSpeed: 282ms, fsStats: 282ms (Total: 794ms)
[SystemMonitor] Slow metrics: currentLoad: 284ms, mem: 691ms, fsSize: 694ms, networkStats: 743ms, cpuTemperature: 789ms, cpuCurrentSpeed: 284ms, fsStats: 284ms (Total: 789ms)
[SystemMonitor] Slow metrics: currentLoad: 284ms, mem: 689ms, fsSize: 694ms, networkStats: 744ms, cpuTemperature: 793ms, cpuCurrentSpeed: 284ms, fsStats: 284ms (Total: 793ms)
[SystemMonitor] Slow metrics: currentLoad: 285ms, mem: 693ms, fsSize: 691ms, networkStats: 739ms, cpuTemperature: 788ms, cpuCurrentSpeed: 285ms, fsStats: 285ms (Total: 788ms)
[SystemMonitor] Slow metrics: currentLoad: 282ms, mem: 705ms, fsSize: 720ms, networkStats: 743ms, cpuTemperature: 801ms, cpuCurrentSpeed: 282ms, fsStats: 282ms (Total: 801ms)
[SystemMonitor] Slow metrics: currentLoad: 286ms, mem: 724ms, fsSize: 716ms, networkStats: 768ms, cpuTemperature: 825ms, cpuCurrentSpeed: 286ms, fsStats: 286ms (Total: 825ms)
[SystemMonitor] Slow metrics: currentLoad: 281ms, mem: 703ms, fsSize: 714ms, networkStats: 761ms, cpuTemperature: 808ms, cpuCurrentSpeed: 281ms, fsStats: 281ms (Total: 808ms)
[SystemMonitor] Slow metrics: currentLoad: 287ms, mem: 697ms, fsSize: 706ms, networkStats: 758ms, cpuTemperature: 805ms, cpuCurrentSpeed: 287ms, fsStats: 287ms (Total: 805ms)
[SystemMonitor] Slow metrics: currentLoad: 286ms, mem: 700ms, fsSize: 697ms, networkStats: 758ms, cpuTemperature: 800ms, cpuCurrentSpeed: 286ms, fsStats: 286ms (Total: 800ms)
[SystemMonitor] Slow metrics: currentLoad: 298ms, mem: 720ms, fsSize: 722ms, networkStats: 765ms, cpuTemperature: 827ms, cpuCurrentSpeed: 298ms, fsStats: 298ms (Total: 827ms)
[SystemMonitor] Slow metrics: currentLoad: 280ms, mem: 696ms, fsSize: 693ms, networkStats: 741ms, cpuTemperature: 793ms, cpuCurrentSpeed: 280ms, fsStats: 280ms (Total: 793ms)
[SystemMonitor] Slow metrics: currentLoad: 285ms, mem: 694ms, fsSize: 697ms, networkStats: 743ms, cpuTemperature: 796ms, cpuCurrentSpeed: 284ms, fsStats: 284ms (Total: 797ms)
[SystemMonitor] Slow metrics: currentLoad: 281ms, mem: 684ms, fsSize: 689ms, networkStats: 731ms, cpuTemperature: 789ms, cpuCurrentSpeed: 281ms, fsStats: 281ms (Total: 789ms)
[SystemMonitor] Slow metrics: currentLoad: 305ms, mem: 730ms, fsSize: 717ms, networkStats: 773ms, cpuTemperature: 820ms, cpuCurrentSpeed: 305ms, fsStats: 305ms (Total: 820ms)
[SystemMonitor] Slow metrics: currentLoad: 279ms, mem: 693ms, fsSize: 698ms, networkStats: 748ms, cpuTemperature: 799ms, cpuCurrentSpeed: 279ms, fsStats: 279ms (Total: 799ms)
[SystemMonitor] Slow metrics: currentLoad: 282ms, mem: 711ms, fsSize: 690ms, networkStats: 734ms, cpuTemperature: 790ms, cpuCurrentSpeed: 282ms, fsStats: 282ms (Total: 790ms)
[SystemMonitor] Slow metrics: currentLoad: 293ms, mem: 710ms, fsSize: 709ms, networkStats: 751ms, cpuTemperature: 799ms, cpuCurrentSpeed: 292ms, fsStats: 292ms (Total: 800ms)
[SystemMonitor] Slow metrics: currentLoad: 287ms, mem: 706ms, fsSize: 697ms, networkStats: 741ms, cpuTemperature: 790ms, cpuCurrentSpeed: 287ms, fsStats: 287ms (Total: 790ms)
[SystemMonitor] Slow metrics: currentLoad: 286ms, mem: 705ms, fsSize: 708ms, networkStats: 756ms, cpuTemperature: 808ms, cpuCurrentSpeed: 286ms, fsStats: 286ms (Total: 808ms)
[SystemMonitor] Slow metrics: currentLoad: 285ms, mem: 709ms, fsSize: 700ms, networkStats: 744ms, cpuTemperature: 788ms, cpuCurrentSpeed: 284ms, fsStats: 284ms (Total: 789ms)
[SystemMonitor] Slow metrics: currentLoad: 284ms, mem: 705ms, fsSize: 704ms, networkStats: 734ms, cpuTemperature: 794ms, cpuCurrentSpeed: 284ms, fsStats: 284ms (Total: 794ms)
[SystemMonitor] Slow metrics: currentLoad: 297ms, mem: 711ms, fsSize: 702ms, networkStats: 746ms, cpuTemperature: 807ms, cpuCurrentSpeed: 297ms, fsStats: 297ms (Total: 807ms)
[SystemMonitor] Slow metrics: currentLoad: 279ms, mem: 695ms, fsSize: 699ms, networkStats: 754ms, cpuTemperature: 817ms, cpuCurrentSpeed: 279ms, fsStats: 279ms (Total: 817ms)
[SystemMonitor] Slow metrics: currentLoad: 283ms, mem: 702ms, fsSize: 692ms, networkStats: 760ms, cpuTemperature: 786ms, cpuCurrentSpeed: 283ms, fsStats: 283ms (Total: 786ms)
[SystemMonitor] Slow metrics: currentLoad: 281ms, mem: 697ms, fsSize: 687ms, networkStats: 745ms, cpuTemperature: 794ms, cpuCurrentSpeed: 281ms, fsStats: 281ms (Total: 794ms)
[SystemMonitor] Slow metrics: currentLoad: 285ms, mem: 691ms, fsSize: 691ms, networkStats: 740ms, cpuTemperature: 790ms, cpuCurrentSpeed: 285ms, fsStats: 285ms (Total: 790ms)
[SystemMonitor] Slow metrics: currentLoad: 280ms, mem: 685ms, fsSize: 699ms, networkStats: 744ms, cpuTemperature: 792ms, cpuCurrentSpeed: 280ms, fsStats: 280ms (Total: 792ms)
[SystemMonitor] Slow metrics: currentLoad: 282ms, mem: 685ms, fsSize: 693ms, networkStats: 736ms, cpuTemperature: 798ms, cpuCurrentSpeed: 282ms, fsStats: 282ms (Total: 798ms)
[SystemMonitor] Slow metrics: currentLoad: 301ms, mem: 720ms, fsSize: 716ms, networkStats: 762ms, cpuTemperature: 824ms, cpuCurrentSpeed: 301ms, fsStats: 301ms (Total: 824ms)
[SystemMonitor] Slow metrics: currentLoad: 280ms, mem: 696ms, fsSize: 690ms, networkStats: 734ms, cpuTemperature: 792ms, cpuCurrentSpeed: 280ms, fsStats: 280ms (Total: 792ms)
[SystemMonitor] Slow metrics: currentLoad: 282ms, mem: 689ms, fsSize: 693ms, networkStats: 737ms, cpuTemperature: 792ms, cpuCurrentSpeed: 282ms, fsStats: 282ms (Total: 792ms)
[SystemMonitor] Slow metrics: currentLoad: 283ms, mem: 698ms, fsSize: 690ms, networkStats: 756ms, cpuTemperature: 794ms, cpuCurrentSpeed: 283ms, fsStats: 283ms (Total: 794ms)
[SystemMonitor] Slow metrics: currentLoad: 278ms, mem: 691ms, fsSize: 692ms, networkStats: 738ms, cpuTemperature: 780ms, cpuCurrentSpeed: 278ms, fsStats: 278ms (Total: 780ms)
[SystemMonitor] Slow metrics: currentLoad: 285ms, mem: 690ms, fsSize: 694ms, networkStats: 749ms, cpuTemperature: 810ms, cpuCurrentSpeed: 284ms, fsStats: 284ms (Total: 811ms)
[SystemMonitor] Slow metrics: currentLoad: 285ms, mem: 707ms, fsSize: 699ms, networkStats: 738ms, cpuTemperature: 794ms, cpuCurrentSpeed: 285ms, fsStats: 285ms (Total: 794ms)
[SystemMonitor] Slow metrics: currentLoad: 278ms, mem: 684ms, fsSize: 675ms, networkStats: 744ms, cpuTemperature: 790ms, cpuCurrentSpeed: 278ms, fsStats: 278ms (Total: 790ms)
[SystemMonitor] Slow metrics: currentLoad: 280ms, mem: 689ms, fsSize: 693ms, networkStats: 742ms, cpuTemperature: 791ms, cpuCurrentSpeed: 279ms, fsStats: 279ms (Total: 791ms)
[SystemMonitor] Slow metrics: currentLoad: 282ms, mem: 698ms, fsSize: 695ms, networkStats: 747ms, cpuTemperature: 796ms, cpuCurrentSpeed: 282ms, fsStats: 282ms (Total: 796ms)
[SystemMonitor] Slow metrics: currentLoad: 280ms, mem: 687ms, fsSize: 700ms, networkStats: 741ms, cpuTemperature: 784ms, cpuCurrentSpeed: 280ms, fsStats: 280ms (Total: 784ms)
[SystemMonitor] Slow metrics: currentLoad: 284ms, mem: 697ms, fsSize: 701ms, networkStats: 744ms, cpuTemperature: 788ms, cpuCurrentSpeed: 284ms, fsStats: 284ms (Total: 788ms)
[SystemMonitor] Slow metrics: currentLoad: 360ms, mem: 768ms, fsSize: 772ms, networkStats: 824ms, cpuTemperature: 886ms, cpuCurrentSpeed: 360ms, fsStats: 360ms (Total: 886ms)
[SystemMonitor] Slow metrics: currentLoad: 460ms, mem: 1265ms, fsSize: 1294ms, networkStats: 1277ms, cpuTemperature: 1348ms, cpuCurrentSpeed: 460ms, fsStats: 460ms (Total: 1348ms)
[SystemMonitor] Slow metrics: currentLoad: 327ms, mem: 814ms, fsSize: 819ms, networkStats: 860ms, cpuTemperature: 921ms, cpuCurrentSpeed: 327ms, fsStats: 327ms (Total: 921ms)
[SystemMonitor] Slow metrics: currentLoad: 290ms, mem: 771ms, fsSize: 766ms, networkStats: 823ms, cpuTemperature: 856ms, cpuCurrentSpeed: 290ms, fsStats: 290ms (Total: 856ms)
[SystemMonitor] Slow metrics: currentLoad: 310ms, mem: 796ms, fsSize: 796ms, networkStats: 828ms, cpuTemperature: 891ms, cpuCurrentSpeed: 309ms, fsStats: 309ms (Total: 892ms)
[SystemMonitor] Slow metrics: currentLoad: 303ms, mem: 728ms, fsSize: 732ms, networkStats: 777ms, cpuTemperature: 829ms, cpuCurrentSpeed: 302ms, fsStats: 302ms (Total: 830ms)
[SystemMonitor] Slow metrics: currentLoad: 293ms, mem: 735ms, fsSize: 727ms, networkStats: 796ms, cpuTemperature: 838ms, cpuCurrentSpeed: 293ms, fsStats: 293ms (Total: 838ms)
[SystemMonitor] Slow metrics: currentLoad: 291ms, mem: 729ms, fsSize: 727ms, networkStats: 775ms, cpuTemperature: 823ms, cpuCurrentSpeed: 291ms, fsStats: 291ms (Total: 823ms)
[SystemMonitor] Slow metrics: currentLoad: 283ms, mem: 742ms, fsSize: 749ms, networkStats: 799ms, cpuTemperature: 846ms, cpuCurrentSpeed: 283ms, fsStats: 283ms (Total: 847ms)
[SystemMonitor] Slow metrics: currentLoad: 293ms, mem: 741ms, fsSize: 736ms, networkStats: 783ms, cpuTemperature: 837ms, cpuCurrentSpeed: 293ms, fsStats: 293ms (Total: 837ms)
[SystemMonitor] Slow metrics: currentLoad: 292ms, mem: 732ms, fsSize: 720ms, networkStats: 771ms, cpuTemperature: 815ms, cpuCurrentSpeed: 292ms, fsStats: 292ms (Total: 815ms)
[SystemMonitor] Slow metrics: currentLoad: 295ms, mem: 735ms, fsSize: 740ms, networkStats: 785ms, cpuTemperature: 839ms, cpuCurrentSpeed: 295ms, fsStats: 295ms (Total: 839ms)
[SystemMonitor] Slow metrics: currentLoad: 285ms, mem: 712ms, fsSize: 713ms, networkStats: 760ms, cpuTemperature: 809ms, cpuCurrentSpeed: 285ms, fsStats: 285ms (Total: 809ms)
[SystemMonitor] Slow metrics: currentLoad: 290ms, mem: 727ms, fsSize: 719ms, networkStats: 778ms, cpuTemperature: 819ms, cpuCurrentSpeed: 290ms, fsStats: 290ms (Total: 819ms)
[SystemMonitor] Slow metrics: currentLoad: 286ms, mem: 716ms, fsSize: 712ms, networkStats: 775ms, cpuTemperature: 813ms, cpuCurrentSpeed: 286ms, fsStats: 286ms (Total: 813ms)
[SystemMonitor] Slow metrics: currentLoad: 289ms, mem: 722ms, fsSize: 717ms, networkStats: 764ms, cpuTemperature: 814ms, cpuCurrentSpeed: 289ms, fsStats: 289ms (Total: 814ms)
[SystemMonitor] Slow metrics: currentLoad: 291ms, mem: 702ms, fsSize: 715ms, networkStats: 759ms, cpuTemperature: 812ms, cpuCurrentSpeed: 291ms, fsStats: 291ms (Total: 812ms)
[SystemMonitor] Slow metrics: currentLoad: 289ms, mem: 721ms, fsSize: 716ms, networkStats: 785ms, cpuTemperature: 846ms, cpuCurrentSpeed: 289ms, fsStats: 289ms (Total: 846ms)
[SystemMonitor] Slow metrics: currentLoad: 290ms, mem: 728ms, fsSize: 721ms, networkStats: 772ms, cpuTemperature: 834ms, cpuCurrentSpeed: 290ms, fsStats: 290ms (Total: 834ms)
[SystemMonitor] Slow metrics: currentLoad: 286ms, mem: 727ms, fsSize: 719ms, networkStats: 779ms, cpuTemperature: 820ms, cpuCurrentSpeed: 286ms, fsStats: 286ms (Total: 820ms)
[SystemMonitor] Slow metrics: currentLoad: 285ms, mem: 712ms, fsSize: 715ms, networkStats: 762ms, cpuTemperature: 808ms, cpuCurrentSpeed: 285ms, fsStats: 285ms (Total: 808ms)
[SystemMonitor] Slow metrics: currentLoad: 311ms, mem: 741ms, fsSize: 734ms, networkStats: 792ms, cpuTemperature: 824ms, cpuCurrentSpeed: 311ms, fsStats: 311ms (Total: 824ms)
[SystemMonitor] Slow metrics: currentLoad: 294ms, mem: 728ms, fsSize: 718ms, networkStats: 762ms, cpuTemperature: 814ms, cpuCurrentSpeed: 294ms, fsStats: 294ms (Total: 814ms)
[SystemMonitor] Slow metrics: currentLoad: 286ms, mem: 730ms, fsSize: 722ms, networkStats: 771ms, cpuTemperature: 820ms, cpuCurrentSpeed: 286ms, fsStats: 286ms (Total: 820ms)
[SystemMonitor] Slow metrics: currentLoad: 294ms, mem: 728ms, fsSize: 713ms, networkStats: 767ms, cpuTemperature: 824ms, cpuCurrentSpeed: 294ms, fsStats: 294ms (Total: 824ms)
[SystemMonitor] Slow metrics: currentLoad: 287ms, mem: 729ms, fsSize: 721ms, networkStats: 778ms, cpuTemperature: 818ms, cpuCurrentSpeed: 287ms, fsStats: 287ms (Total: 818ms)
[SystemMonitor] Slow metrics: currentLoad: 309ms, mem: 732ms, fsSize: 734ms, networkStats: 776ms, cpuTemperature: 826ms, cpuCurrentSpeed: 309ms, fsStats: 309ms (Total: 826ms)
[SystemMonitor] Slow metrics: currentLoad: 292ms, mem: 722ms, fsSize: 718ms, networkStats: 765ms, cpuTemperature: 811ms, cpuCurrentSpeed: 292ms, fsStats: 292ms (Total: 811ms)
[SystemMonitor] Slow metrics: currentLoad: 287ms, mem: 717ms, fsSize: 716ms, networkStats: 765ms, cpuTemperature: 812ms, cpuCurrentSpeed: 287ms, fsStats: 287ms (Total: 812ms)
[SystemMonitor] Slow metrics: currentLoad: 287ms, mem: 720ms, fsSize: 717ms, networkStats: 766ms, cpuTemperature: 800ms, cpuCurrentSpeed: 287ms, fsStats: 287ms (Total: 800ms)
[SystemMonitor] Slow metrics: currentLoad: 295ms, mem: 732ms, fsSize: 736ms, networkStats: 780ms, cpuTemperature: 840ms, cpuCurrentSpeed: 295ms, fsStats: 295ms (Total: 840ms)
[SystemMonitor] Slow metrics: currentLoad: 305ms, mem: 769ms, fsSize: 774ms, networkStats: 821ms, cpuTemperature: 874ms, cpuCurrentSpeed: 305ms, fsStats: 305ms (Total: 874ms)
[SystemMonitor] Slow metrics: currentLoad: 292ms, mem: 722ms, fsSize: 718ms, networkStats: 779ms, cpuTemperature: 812ms, cpuCurrentSpeed: 292ms, fsStats: 292ms (Total: 812ms)
[SystemMonitor] Slow metrics: currentLoad: 290ms, mem: 716ms, fsSize: 717ms, networkStats: 768ms, cpuTemperature: 814ms, cpuCurrentSpeed: 290ms, fsStats: 290ms (Total: 814ms)
[SystemMonitor] Slow metrics: currentLoad: 298ms, mem: 740ms, fsSize: 746ms, networkStats: 791ms, cpuTemperature: 834ms, cpuCurrentSpeed: 298ms, fsStats: 298ms (Total: 834ms)
[SystemMonitor] Slow metrics: currentLoad: 285ms, mem: 719ms, fsSize: 720ms, networkStats: 779ms, cpuTemperature: 842ms, cpuCurrentSpeed: 285ms, fsStats: 285ms (Total: 842ms)
[SystemMonitor] Slow metrics: currentLoad: 289ms, mem: 753ms, fsSize: 743ms, networkStats: 818ms, cpuTemperature: 857ms, cpuCurrentSpeed: 289ms, fsStats: 289ms (Total: 857ms)
[SystemMonitor] Slow metrics: currentLoad: 292ms, mem: 724ms, fsSize: 721ms, networkStats: 774ms, cpuTemperature: 830ms, cpuCurrentSpeed: 292ms, fsStats: 292ms (Total: 830ms)
[SystemMonitor] Slow metrics: currentLoad: 306ms, mem: 717ms, fsSize: 725ms, networkStats: 770ms, cpuTemperature: 825ms, cpuCurrentSpeed: 306ms, fsStats: 306ms (Total: 825ms)
[SystemMonitor] Slow metrics: currentLoad: 285ms, mem: 726ms, fsSize: 698ms, networkStats: 765ms, cpuTemperature: 809ms, cpuCurrentSpeed: 285ms, fsStats: 285ms (Total: 809ms)
[SystemMonitor] Slow metrics: currentLoad: 286ms, mem: 728ms, fsSize: 715ms, networkStats: 768ms, cpuTemperature: 820ms, cpuCurrentSpeed: 286ms, fsStats: 286ms (Total: 820ms)
[SystemMonitor] Slow metrics: currentLoad: 286ms, mem: 718ms, fsSize: 741ms, networkStats: 770ms, cpuTemperature: 820ms, cpuCurrentSpeed: 286ms, fsStats: 286ms (Total: 820ms)
[SystemMonitor] Slow metrics: currentLoad: 284ms, mem: 711ms, fsSize: 705ms, networkStats: 767ms, cpuTemperature: 824ms, cpuCurrentSpeed: 284ms, fsStats: 284ms (Total: 824ms)
[SystemMonitor] Slow metrics: currentLoad: 286ms, mem: 708ms, fsSize: 716ms, networkStats: 753ms, cpuTemperature: 800ms, cpuCurrentSpeed: 286ms, fsStats: 286ms (Total: 800ms)
[SystemMonitor] Slow metrics: currentLoad: 288ms, mem: 712ms, fsSize: 713ms, networkStats: 760ms, cpuTemperature: 813ms, cpuCurrentSpeed: 288ms, fsStats: 288ms (Total: 813ms)
[SystemMonitor] Slow metrics: currentLoad: 286ms, mem: 716ms, fsSize: 713ms, networkStats: 762ms, cpuTemperature: 812ms, cpuCurrentSpeed: 286ms, fsStats: 286ms (Total: 812ms)
[SystemMonitor] Slow metrics: currentLoad: 299ms, mem: 719ms, fsSize: 725ms, networkStats: 769ms, cpuTemperature: 834ms, cpuCurrentSpeed: 299ms, fsStats: 299ms (Total: 834ms)
[SystemMonitor] Slow metrics: currentLoad: 299ms, mem: 794ms, fsSize: 781ms, networkStats: 838ms, cpuTemperature: 937ms, cpuCurrentSpeed: 299ms, fsStats: 299ms (Total: 937ms)
[SystemMonitor] Slow metrics: currentLoad: 286ms, mem: 722ms, fsSize: 725ms, networkStats: 766ms, cpuTemperature: 832ms, cpuCurrentSpeed: 286ms, fsStats: 286ms (Total: 832ms)
[SystemMonitor] Slow metrics: currentLoad: 289ms, mem: 724ms, fsSize: 716ms, networkStats: 769ms, cpuTemperature: 829ms, cpuCurrentSpeed: 289ms, fsStats: 289ms (Total: 829ms)
[SystemMonitor] Slow metrics: currentLoad: 288ms, mem: 715ms, fsSize: 718ms, networkStats: 768ms, cpuTemperature: 832ms, cpuCurrentSpeed: 288ms, fsStats: 288ms (Total: 832ms)
[SystemMonitor] Slow metrics: currentLoad: 287ms, mem: 713ms, fsSize: 719ms, networkStats: 755ms, cpuTemperature: 818ms, cpuCurrentSpeed: 287ms, fsStats: 287ms (Total: 818ms)
[SystemMonitor] Slow metrics: currentLoad: 288ms, mem: 716ms, fsSize: 713ms, networkStats: 753ms, cpuTemperature: 810ms, cpuCurrentSpeed: 288ms, fsStats: 288ms (Total: 810ms)
[SystemMonitor] Slow metrics: currentLoad: 285ms, mem: 716ms, fsSize: 709ms, networkStats: 747ms, cpuTemperature: 801ms, cpuCurrentSpeed: 285ms, fsStats: 285ms (Total: 801ms)
[SystemMonitor] Slow metrics: currentLoad: 287ms, mem: 714ms, fsSize: 712ms, networkStats: 754ms, cpuTemperature: 807ms, cpuCurrentSpeed: 287ms, fsStats: 287ms (Total: 807ms)
[SystemMonitor] Slow metrics: currentLoad: 288ms, mem: 728ms, fsSize: 723ms, networkStats: 778ms, cpuTemperature: 836ms, cpuCurrentSpeed: 288ms, fsStats: 288ms (Total: 836ms)
[SystemMonitor] Slow metrics: currentLoad: 288ms, mem: 696ms, fsSize: 710ms, networkStats: 754ms, cpuTemperature: 810ms, cpuCurrentSpeed: 288ms, fsStats: 288ms (Total: 810ms)
[SystemMonitor] Slow metrics: currentLoad: 287ms, mem: 716ms, fsSize: 710ms, networkStats: 761ms, cpuTemperature: 813ms, cpuCurrentSpeed: 287ms, fsStats: 287ms (Total: 813ms)
[SystemMonitor] Slow metrics: currentLoad: 293ms, mem: 723ms, fsSize: 719ms, networkStats: 791ms, cpuTemperature: 814ms, cpuCurrentSpeed: 293ms, fsStats: 293ms (Total: 814ms)
[SystemMonitor] Slow metrics: currentLoad: 284ms, mem: 696ms, fsSize: 718ms, networkStats: 766ms, cpuTemperature: 810ms, cpuCurrentSpeed: 284ms, fsStats: 284ms (Total: 810ms)
[SystemMonitor] Slow metrics: currentLoad: 286ms, mem: 720ms, fsSize: 717ms, networkStats: 765ms, cpuTemperature: 817ms, cpuCurrentSpeed: 286ms, fsStats: 286ms (Total: 817ms)
[SystemMonitor] Slow metrics: currentLoad: 287ms, mem: 709ms, fsSize: 716ms, networkStats: 760ms, cpuTemperature: 816ms, cpuCurrentSpeed: 287ms, fsStats: 287ms (Total: 816ms)
[SystemMonitor] Slow metrics: currentLoad: 302ms, mem: 727ms, fsSize: 724ms, networkStats: 776ms, cpuTemperature: 824ms, cpuCurrentSpeed: 302ms, fsStats: 302ms (Total: 824ms)
[SystemMonitor] Slow metrics: currentLoad: 294ms, mem: 725ms, fsSize: 727ms, networkStats: 768ms, cpuTemperature: 828ms, cpuCurrentSpeed: 294ms, fsStats: 294ms (Total: 828ms)
[SystemMonitor] Slow metrics: currentLoad: 284ms, mem: 697ms, fsSize: 696ms, networkStats: 743ms, cpuTemperature: 794ms, cpuCurrentSpeed: 284ms, fsStats: 284ms (Total: 794ms)
[SystemMonitor] Slow metrics: currentLoad: 286ms, mem: 710ms, fsSize: 700ms, networkStats: 757ms, cpuTemperature: 802ms, cpuCurrentSpeed: 286ms, fsStats: 286ms (Total: 802ms)
[SystemMonitor] Slow metrics: currentLoad: 286ms, mem: 702ms, fsSize: 711ms, networkStats: 755ms, cpuTemperature: 811ms, cpuCurrentSpeed: 286ms, fsStats: 286ms (Total: 811ms)
[SystemMonitor] Slow metrics: currentLoad: 289ms, mem: 724ms, fsSize: 722ms, networkStats: 758ms, cpuTemperature: 804ms, cpuCurrentSpeed: 289ms, fsStats: 289ms (Total: 804ms)
[SystemMonitor] Slow metrics: currentLoad: 284ms, mem: 690ms, fsSize: 712ms, networkStats: 758ms, cpuTemperature: 812ms, cpuCurrentSpeed: 284ms, fsStats: 284ms (Total: 812ms)
[SystemMonitor] Slow metrics: currentLoad: 288ms, mem: 730ms, fsSize: 722ms, networkStats: 758ms, cpuTemperature: 805ms, cpuCurrentSpeed: 288ms, fsStats: 288ms (Total: 805ms)
[SystemMonitor] Slow metrics: currentLoad: 286ms, mem: 708ms, fsSize: 710ms, networkStats: 768ms, cpuTemperature: 808ms, cpuCurrentSpeed: 286ms, fsStats: 286ms (Total: 808ms)
[SystemMonitor] Slow metrics: currentLoad: 311ms, mem: 737ms, fsSize: 735ms, networkStats: 782ms, cpuTemperature: 829ms, cpuCurrentSpeed: 311ms, fsStats: 311ms (Total: 829ms)
[SystemMonitor] Slow metrics: currentLoad: 287ms, mem: 705ms, fsSize: 709ms, networkStats: 753ms, cpuTemperature: 816ms, cpuCurrentSpeed: 287ms, fsStats: 287ms (Total: 816ms)
[SystemMonitor] Slow metrics: currentLoad: 292ms, mem: 702ms, fsSize: 709ms, networkStats: 756ms, cpuTemperature: 808ms, cpuCurrentSpeed: 292ms, fsStats: 292ms (Total: 808ms)
[SystemMonitor] Slow metrics: currentLoad: 288ms, mem: 719ms, fsSize: 707ms, networkStats: 760ms, cpuTemperature: 822ms, cpuCurrentSpeed: 288ms, fsStats: 288ms (Total: 822ms)
[SystemMonitor] Slow metrics: currentLoad: 285ms, mem: 718ms, fsSize: 722ms, networkStats: 755ms, cpuTemperature: 816ms, cpuCurrentSpeed: 285ms, fsStats: 285ms (Total: 816ms)
[SystemMonitor] Slow metrics: currentLoad: 302ms, mem: 726ms, fsSize: 726ms, networkStats: 773ms, cpuTemperature: 825ms, cpuCurrentSpeed: 302ms, fsStats: 302ms (Total: 825ms)
[SystemMonitor] Slow metrics: currentLoad: 302ms, mem: 803ms, fsSize: 793ms, networkStats: 826ms, cpuTemperature: 881ms, cpuCurrentSpeed: 302ms, fsStats: 302ms (Total: 881ms)
[SystemMonitor] Slow metrics: currentLoad: 286ms, mem: 732ms, fsSize: 735ms, networkStats: 780ms, cpuTemperature: 825ms, cpuCurrentSpeed: 285ms, fsStats: 286ms (Total: 825ms)
[SystemMonitor] Slow metrics: currentLoad: 284ms, mem: 694ms, fsSize: 704ms, networkStats: 751ms, cpuTemperature: 816ms, cpuCurrentSpeed: 284ms, fsStats: 284ms (Total: 816ms)
[SystemMonitor] Slow metrics: currentLoad: 288ms, mem: 712ms, fsSize: 715ms, networkStats: 759ms, cpuTemperature: 808ms, cpuCurrentSpeed: 288ms, fsStats: 288ms (Total: 808ms)
[SystemMonitor] Slow metrics: currentLoad: 288ms, mem: 705ms, fsSize: 708ms, networkStats: 758ms, cpuTemperature: 809ms, cpuCurrentSpeed: 288ms, fsStats: 288ms (Total: 809ms)
[SystemMonitor] Slow metrics: currentLoad: 285ms, mem: 693ms, fsSize: 721ms, networkStats: 750ms, cpuTemperature: 805ms, cpuCurrentSpeed: 285ms, fsStats: 285ms (Total: 805ms)
[SystemMonitor] Slow metrics: currentLoad: 289ms, mem: 707ms, fsSize: 709ms, networkStats: 767ms, cpuTemperature: 826ms, cpuCurrentSpeed: 289ms, fsStats: 289ms (Total: 826ms)
[SystemMonitor] Slow metrics: currentLoad: 288ms, mem: 696ms, fsSize: 713ms, networkStats: 750ms, cpuTemperature: 810ms, cpuCurrentSpeed: 288ms, fsStats: 288ms (Total: 810ms)
[SystemMonitor] Slow metrics: currentLoad: 288ms, mem: 724ms, fsSize: 723ms, networkStats: 785ms, cpuTemperature: 811ms, cpuCurrentSpeed: 288ms, fsStats: 288ms (Total: 811ms)
[SystemMonitor] Slow metrics: currentLoad: 292ms, mem: 720ms, fsSize: 717ms, networkStats: 779ms, cpuTemperature: 809ms, cpuCurrentSpeed: 292ms, fsStats: 292ms (Total: 809ms)
[SystemMonitor] Slow metrics: currentLoad: 287ms, mem: 705ms, fsSize: 708ms, networkStats: 750ms, cpuTemperature: 800ms, cpuCurrentSpeed: 287ms, fsStats: 287ms (Total: 800ms)
[SystemMonitor] Slow metrics: currentLoad: 290ms, mem: 703ms, fsSize: 714ms, networkStats: 768ms, cpuTemperature: 816ms, cpuCurrentSpeed: 290ms, fsStats: 290ms (Total: 816ms)
[SystemMonitor] Slow metrics: currentLoad: 282ms, mem: 696ms, fsSize: 713ms, networkStats: 761ms, cpuTemperature: 797ms, cpuCurrentSpeed: 282ms, fsStats: 282ms (Total: 797ms)
[SystemMonitor] Slow metrics: currentLoad: 289ms, mem: 720ms, fsSize: 717ms, networkStats: 760ms, cpuTemperature: 820ms, cpuCurrentSpeed: 289ms, fsStats: 289ms (Total: 820ms)
[SystemMonitor] Slow metrics: currentLoad: 296ms, mem: 740ms, fsSize: 738ms, networkStats: 785ms, cpuTemperature: 832ms, cpuCurrentSpeed: 296ms, fsStats: 296ms (Total: 832ms)
[SystemMonitor] Slow metrics: currentLoad: 292ms, mem: 718ms, fsSize: 711ms, networkStats: 769ms, cpuTemperature: 805ms, cpuCurrentSpeed: 292ms, fsStats: 292ms (Total: 805ms)
[SystemMonitor] Slow metrics: currentLoad: 298ms, mem: 723ms, fsSize: 713ms, networkStats: 780ms, cpuTemperature: 813ms, cpuCurrentSpeed: 298ms, fsStats: 298ms (Total: 813ms)
[SystemMonitor] Slow metrics: currentLoad: 283ms, mem: 706ms, fsSize: 699ms, networkStats: 769ms, cpuTemperature: 787ms, cpuCurrentSpeed: 283ms, fsStats: 283ms (Total: 787ms)
[SystemMonitor] Slow metrics: currentLoad: 288ms, mem: 703ms, fsSize: 731ms, networkStats: 757ms, cpuTemperature: 812ms, cpuCurrentSpeed: 288ms, fsStats: 288ms (Total: 812ms)
[SystemMonitor] Slow metrics: currentLoad: 296ms, mem: 716ms, fsSize: 720ms, networkStats: 769ms, cpuTemperature: 803ms, cpuCurrentSpeed: 295ms, fsStats: 295ms (Total: 804ms)
[SystemMonitor] Slow metrics: currentLoad: 286ms, mem: 696ms, fsSize: 708ms, networkStats: 765ms, cpuTemperature: 812ms, cpuCurrentSpeed: 286ms, fsStats: 286ms (Total: 812ms)
[SystemMonitor] Slow metrics: currentLoad: 281ms, mem: 703ms, fsSize: 696ms, networkStats: 752ms, cpuTemperature: 811ms, cpuCurrentSpeed: 281ms, fsStats: 281ms (Total: 811ms)
[SystemMonitor] Slow metrics: currentLoad: 283ms, mem: 708ms, fsSize: 697ms, networkStats: 750ms, cpuTemperature: 801ms, cpuCurrentSpeed: 283ms, fsStats: 283ms (Total: 801ms)
[SystemMonitor] Slow metrics: currentLoad: 285ms, mem: 709ms, fsSize: 699ms, networkStats: 751ms, cpuTemperature: 813ms, cpuCurrentSpeed: 285ms, fsStats: 285ms (Total: 813ms)
[SystemMonitor] Slow metrics: currentLoad: 297ms, mem: 721ms, fsSize: 721ms, networkStats: 785ms, cpuTemperature: 814ms, cpuCurrentSpeed: 297ms, fsStats: 297ms (Total: 814ms)
[SystemMonitor] Slow metrics: currentLoad: 283ms, mem: 699ms, fsSize: 707ms, networkStats: 751ms, cpuTemperature: 801ms, cpuCurrentSpeed: 283ms, fsStats: 283ms (Total: 801ms)
[SystemMonitor] Slow metrics: currentLoad: 285ms, mem: 715ms, fsSize: 699ms, networkStats: 757ms, cpuTemperature: 812ms, cpuCurrentSpeed: 285ms, fsStats: 285ms (Total: 812ms)
[SystemMonitor] Slow metrics: currentLoad: 291ms, mem: 718ms, fsSize: 729ms, networkStats: 764ms, cpuTemperature: 816ms, cpuCurrentSpeed: 291ms, fsStats: 291ms (Total: 816ms)
[SystemMonitor] Slow metrics: currentLoad: 284ms, mem: 724ms, fsSize: 714ms, networkStats: 749ms, cpuTemperature: 802ms, cpuCurrentSpeed: 284ms, fsStats: 284ms (Total: 802ms)
[SystemMonitor] Slow metrics: currentLoad: 309ms, mem: 743ms, fsSize: 747ms, networkStats: 801ms, cpuTemperature: 838ms, cpuCurrentSpeed: 309ms, fsStats: 309ms (Total: 838ms)
[SystemMonitor] Slow metrics: currentLoad: 311ms, mem: 746ms, fsSize: 739ms, networkStats: 788ms, cpuTemperature: 832ms, cpuCurrentSpeed: 311ms, fsStats: 311ms (Total: 832ms)
[SystemMonitor] Slow metrics: currentLoad: 282ms, mem: 694ms, fsSize: 699ms, networkStats: 751ms, cpuTemperature: 810ms, cpuCurrentSpeed: 282ms, fsStats: 282ms (Total: 810ms)
[SystemMonitor] Slow metrics: currentLoad: 281ms, mem: 707ms, fsSize: 698ms, networkStats: 753ms, cpuTemperature: 800ms, cpuCurrentSpeed: 281ms, fsStats: 281ms (Total: 800ms)
[SystemMonitor] Slow metrics: currentLoad: 282ms, mem: 713ms, fsSize: 708ms, networkStats: 749ms, cpuTemperature: 797ms, cpuCurrentSpeed: 282ms, fsStats: 282ms (Total: 797ms)
[SystemMonitor] Slow metrics: currentLoad: 295ms, mem: 729ms, fsSize: 717ms, networkStats: 756ms, cpuTemperature: 810ms, cpuCurrentSpeed: 295ms, fsStats: 295ms (Total: 810ms)
[SystemMonitor] Slow metrics: currentLoad: 306ms, mem: 710ms, fsSize: 729ms, networkStats: 1397ms, cpuTemperature: 810ms, cpuCurrentSpeed: 305ms, fsStats: 305ms (Total: 1398ms)
[SystemMonitor] Slow metrics: currentLoad: 290ms, mem: 729ms, fsSize: 728ms, networkStats: 769ms, cpuTemperature: 831ms, cpuCurrentSpeed: 290ms, fsStats: 290ms (Total: 831ms)
[SystemMonitor] Slow metrics: currentLoad: 305ms, mem: 760ms, fsSize: 759ms, networkStats: 772ms, cpuTemperature: 833ms, cpuCurrentSpeed: 305ms, fsStats: 305ms (Total: 833ms)
[SystemMonitor] Slow metrics: currentLoad: 282ms, mem: 710ms, fsSize: 701ms, networkStats: 760ms, cpuTemperature: 798ms, cpuCurrentSpeed: 282ms, fsStats: 282ms (Total: 798ms)
[SystemMonitor] Slow metrics: currentLoad: 284ms, mem: 698ms, fsSize: 711ms, networkStats: 770ms, cpuTemperature: 803ms, cpuCurrentSpeed: 284ms, fsStats: 284ms (Total: 803ms)
[SystemMonitor] Slow metrics: currentLoad: 283ms, mem: 696ms, fsSize: 696ms, networkStats: 745ms, cpuTemperature: 793ms, cpuCurrentSpeed: 283ms, fsStats: 283ms (Total: 793ms)
[SystemMonitor] Slow metrics: currentLoad: 284ms, mem: 699ms, fsSize: 708ms, networkStats: 760ms, cpuTemperature: 818ms, cpuCurrentSpeed: 284ms, fsStats: 284ms (Total: 818ms)
[SystemMonitor] Slow metrics: currentLoad: 287ms, mem: 691ms, fsSize: 715ms, networkStats: 763ms, cpuTemperature: 820ms, cpuCurrentSpeed: 287ms, fsStats: 287ms (Total: 820ms)
[SystemMonitor] Slow metrics: currentLoad: 282ms, mem: 709ms, fsSize: 721ms, networkStats: 759ms, cpuTemperature: 820ms, cpuCurrentSpeed: 282ms, fsStats: 282ms (Total: 821ms)
[SystemMonitor] Slow metrics: currentLoad: 289ms, mem: 711ms, fsSize: 702ms, networkStats: 759ms, cpuTemperature: 814ms, cpuCurrentSpeed: 289ms, fsStats: 289ms (Total: 814ms)
[SystemMonitor] Slow metrics: currentLoad: 281ms, mem: 709ms, fsSize: 712ms, networkStats: 748ms, cpuTemperature: 800ms, cpuCurrentSpeed: 281ms, fsStats: 281ms (Total: 800ms)
[SystemMonitor] Slow metrics: currentLoad: 290ms, mem: 692ms, fsSize: 711ms, networkStats: 774ms, cpuTemperature: 824ms, cpuCurrentSpeed: 290ms, fsStats: 290ms (Total: 824ms)
[SystemMonitor] Slow metrics: currentLoad: 311ms, mem: 744ms, fsSize: 752ms, networkStats: 797ms, cpuTemperature: 840ms, cpuCurrentSpeed: 311ms, fsStats: 311ms (Total: 840ms)
[SystemMonitor] Slow metrics: currentLoad: 283ms, mem: 714ms, fsSize: 707ms, networkStats: 744ms, cpuTemperature: 791ms, cpuCurrentSpeed: 283ms, fsStats: 283ms (Total: 791ms)
[SystemMonitor] Slow metrics: currentLoad: 286ms, mem: 717ms, fsSize: 708ms, networkStats: 746ms, cpuTemperature: 810ms, cpuCurrentSpeed: 286ms, fsStats: 286ms (Total: 810ms)
[SystemMonitor] Slow metrics: currentLoad: 286ms, mem: 693ms, fsSize: 696ms, networkStats: 768ms, cpuTemperature: 820ms, cpuCurrentSpeed: 286ms, fsStats: 286ms (Total: 820ms)
[SystemMonitor] Slow metrics: currentLoad: 289ms, mem: 706ms, fsSize: 712ms, networkStats: 759ms, cpuTemperature: 813ms, cpuCurrentSpeed: 289ms, fsStats: 289ms (Total: 813ms)
[SystemMonitor] Slow metrics: currentLoad: 281ms, mem: 702ms, fsSize: 693ms, networkStats: 744ms, cpuTemperature: 798ms, cpuCurrentSpeed: 281ms, fsStats: 281ms (Total: 798ms)
[SystemMonitor] Slow metrics: currentLoad: 284ms, mem: 701ms, fsSize: 705ms, networkStats: 754ms, cpuTemperature: 806ms, cpuCurrentSpeed: 284ms, fsStats: 284ms (Total: 806ms)
[SystemMonitor] Slow metrics: currentLoad: 287ms, mem: 748ms, fsSize: 744ms, networkStats: 793ms, cpuTemperature: 837ms, cpuCurrentSpeed: 287ms, fsStats: 287ms (Total: 837ms)
[SystemMonitor] Slow metrics: currentLoad: 283ms, mem: 690ms, fsSize: 694ms, networkStats: 741ms, cpuTemperature: 794ms, cpuCurrentSpeed: 283ms, fsStats: 283ms (Total: 794ms)
[SystemMonitor] Slow metrics: currentLoad: 284ms, mem: 709ms, fsSize: 703ms, networkStats: 750ms, cpuTemperature: 807ms, cpuCurrentSpeed: 284ms, fsStats: 284ms (Total: 807ms)
[SystemMonitor] Slow metrics: currentLoad: 294ms, mem: 718ms, fsSize: 723ms, networkStats: 791ms, cpuTemperature: 844ms, cpuCurrentSpeed: 294ms, fsStats: 294ms (Total: 844ms)
[SystemMonitor] Slow metrics: currentLoad: 306ms, mem: 732ms, fsSize: 729ms, networkStats: 779ms, cpuTemperature: 839ms, cpuCurrentSpeed: 306ms, fsStats: 306ms (Total: 839ms)
[SystemMonitor] Slow metrics: currentLoad: 290ms, mem: 729ms, fsSize: 744ms, networkStats: 785ms, cpuTemperature: 834ms, cpuCurrentSpeed: 290ms, fsStats: 290ms (Total: 834ms)
[SystemMonitor] Slow metrics: currentLoad: 297ms, mem: 742ms, fsSize: 738ms, networkStats: 793ms, cpuTemperature: 856ms, cpuCurrentSpeed: 297ms, fsStats: 297ms (Total: 856ms)
[SystemMonitor] Slow metrics: currentLoad: 313ms, mem: 814ms, fsSize: 810ms, networkStats: 863ms, cpuTemperature: 948ms, cpuCurrentSpeed: 313ms, fsStats: 313ms (Total: 948ms)
[SystemMonitor] Slow metrics: currentLoad: 287ms, mem: 719ms, fsSize: 736ms, networkStats: 760ms, cpuTemperature: 810ms, cpuCurrentSpeed: 287ms, fsStats: 287ms (Total: 810ms)
[SystemMonitor] Slow metrics: currentLoad: 307ms, mem: 804ms, fsSize: 817ms, networkStats: 851ms, cpuTemperature: 926ms, cpuCurrentSpeed: 306ms, fsStats: 306ms (Total: 927ms)
[SystemMonitor] Slow metrics: currentLoad: 310ms, mem: 837ms, fsSize: 833ms, networkStats: 888ms, cpuTemperature: 940ms, cpuCurrentSpeed: 310ms, fsStats: 310ms (Total: 940ms)
[SystemMonitor] Slow metrics: currentLoad: 297ms, mem: 776ms, fsSize: 759ms, networkStats: 809ms, cpuTemperature: 877ms, cpuCurrentSpeed: 297ms, fsStats: 297ms (Total: 877ms)
[SystemMonitor] Slow metrics: currentLoad: 298ms, mem: 757ms, fsSize: 746ms, networkStats: 811ms, cpuTemperature: 847ms, cpuCurrentSpeed: 298ms, fsStats: 298ms (Total: 847ms)
[SystemMonitor] Slow metrics: currentLoad: 289ms, mem: 727ms, fsSize: 715ms, networkStats: 767ms, cpuTemperature: 815ms, cpuCurrentSpeed: 289ms, fsStats: 289ms (Total: 815ms)
[SystemMonitor] Slow metrics: currentLoad: 289ms, mem: 718ms, fsSize: 718ms, networkStats: 772ms, cpuTemperature: 820ms, cpuCurrentSpeed: 289ms, fsStats: 289ms (Total: 820ms)
[SystemMonitor] Slow metrics: currentLoad: 284ms, mem: 697ms, fsSize: 719ms, networkStats: 740ms, cpuTemperature: 802ms, cpuCurrentSpeed: 284ms, fsStats: 284ms (Total: 802ms)
[SystemMonitor] Slow metrics: currentLoad: 283ms, mem: 711ms, fsSize: 715ms, networkStats: 774ms, cpuTemperature: 801ms, cpuCurrentSpeed: 283ms, fsStats: 283ms (Total: 801ms)
[SystemMonitor] Slow metrics: currentLoad: 283ms, mem: 707ms, fsSize: 698ms, networkStats: 765ms, cpuTemperature: 815ms, cpuCurrentSpeed: 283ms, fsStats: 283ms (Total: 815ms)
[SystemMonitor] Slow metrics: currentLoad: 282ms, mem: 703ms, fsSize: 703ms, networkStats: 767ms, cpuTemperature: 799ms, cpuCurrentSpeed: 282ms, fsStats: 282ms (Total: 799ms)
[SystemMonitor] Slow metrics: currentLoad: 290ms, mem: 731ms, fsSize: 717ms, networkStats: 774ms, cpuTemperature: 842ms, cpuCurrentSpeed: 290ms, fsStats: 290ms (Total: 842ms)
[SystemMonitor] Slow metrics: currentLoad: 283ms, mem: 708ms, fsSize: 704ms, networkStats: 755ms, cpuTemperature: 819ms, cpuCurrentSpeed: 283ms, fsStats: 283ms (Total: 819ms)
[SystemMonitor] Slow metrics: currentLoad: 282ms, mem: 700ms, fsSize: 702ms, networkStats: 748ms, cpuTemperature: 804ms, cpuCurrentSpeed: 282ms, fsStats: 282ms (Total: 804ms)
[SystemMonitor] Slow metrics: currentLoad: 285ms, mem: 719ms, fsSize: 708ms, networkStats: 757ms, cpuTemperature: 818ms, cpuCurrentSpeed: 285ms, fsStats: 285ms (Total: 818ms)
[SystemMonitor] Slow metrics: currentLoad: 283ms, mem: 708ms, fsSize: 711ms, networkStats: 754ms, cpuTemperature: 803ms, cpuCurrentSpeed: 283ms, fsStats: 283ms (Total: 803ms)
[SystemMonitor] Slow metrics: currentLoad: 294ms, mem: 731ms, fsSize: 739ms, networkStats: 808ms, cpuTemperature: 836ms, cpuCurrentSpeed: 294ms, fsStats: 294ms (Total: 836ms)
[SystemMonitor] Slow metrics: currentLoad: 279ms, mem: 706ms, fsSize: 699ms, networkStats: 752ms, cpuTemperature: 797ms, cpuCurrentSpeed: 279ms, fsStats: 279ms (Total: 797ms)
[SystemMonitor] Slow metrics: currentLoad: 285ms, mem: 700ms, fsSize: 698ms, networkStats: 748ms, cpuTemperature: 800ms, cpuCurrentSpeed: 284ms, fsStats: 284ms (Total: 800ms)
[SystemMonitor] Slow metrics: currentLoad: 282ms, mem: 715ms, fsSize: 703ms, networkStats: 770ms, cpuTemperature: 815ms, cpuCurrentSpeed: 282ms, fsStats: 282ms (Total: 815ms)
[SystemMonitor] Slow metrics: currentLoad: 289ms, mem: 731ms, fsSize: 725ms, networkStats: 773ms, cpuTemperature: 835ms, cpuCurrentSpeed: 289ms, fsStats: 289ms (Total: 835ms)
[SystemMonitor] Slow metrics: currentLoad: 297ms, mem: 739ms, fsSize: 734ms, networkStats: 785ms, cpuTemperature: 833ms, cpuCurrentSpeed: 297ms, fsStats: 297ms (Total: 833ms)
[SystemMonitor] Slow metrics: currentLoad: 297ms, mem: 732ms, fsSize: 731ms, networkStats: 800ms, cpuTemperature: 843ms, cpuCurrentSpeed: 297ms, fsStats: 297ms (Total: 843ms)
[SystemMonitor] Slow metrics: currentLoad: 305ms, mem: 737ms, fsSize: 734ms, networkStats: 781ms, cpuTemperature: 841ms, cpuCurrentSpeed: 305ms, fsStats: 305ms (Total: 841ms)
[SystemMonitor] Slow metrics: currentLoad: 285ms, mem: 695ms, fsSize: 699ms, networkStats: 764ms, cpuTemperature: 813ms, cpuCurrentSpeed: 285ms, fsStats: 285ms (Total: 813ms)
[SystemMonitor] Slow metrics: currentLoad: 286ms, mem: 731ms, fsSize: 723ms, networkStats: 772ms, cpuTemperature: 820ms, cpuCurrentSpeed: 286ms, fsStats: 286ms (Total: 820ms)
[SystemMonitor] Slow metrics: currentLoad: 286ms, mem: 711ms, fsSize: 723ms, networkStats: 776ms, cpuTemperature: 827ms, cpuCurrentSpeed: 286ms, fsStats: 286ms (Total: 827ms)
[SystemMonitor] Slow metrics: currentLoad: 282ms, mem: 728ms, fsSize: 752ms, networkStats: 785ms, cpuTemperature: 837ms, cpuCurrentSpeed: 282ms, fsStats: 282ms (Total: 837ms)
[SystemMonitor] Slow metrics: currentLoad: 283ms, mem: 709ms, fsSize: 722ms, networkStats: 772ms, cpuTemperature: 808ms, cpuCurrentSpeed: 283ms, fsStats: 283ms (Total: 808ms)
[SystemMonitor] Slow metrics: currentLoad: 312ms, mem: 805ms, fsSize: 804ms, networkStats: 845ms, cpuTemperature: 903ms, cpuCurrentSpeed: 312ms, fsStats: 312ms (Total: 903ms)
[SystemMonitor] Slow metrics: currentLoad: 282ms, mem: 733ms, fsSize: 719ms, networkStats: 790ms, cpuTemperature: 841ms, cpuCurrentSpeed: 282ms, fsStats: 282ms (Total: 841ms)
[SystemMonitor] Slow metrics: currentLoad: 290ms, mem: 723ms, fsSize: 736ms, networkStats: 783ms, cpuTemperature: 814ms, cpuCurrentSpeed: 290ms, fsStats: 290ms (Total: 814ms)
[SystemMonitor] Slow metrics: currentLoad: 289ms, mem: 725ms, fsSize: 720ms, networkStats: 773ms, cpuTemperature: 842ms, cpuCurrentSpeed: 289ms, fsStats: 289ms (Total: 842ms)
[SystemMonitor] Slow metrics: currentLoad: 281ms, mem: 703ms, fsSize: 701ms, networkStats: 769ms, cpuTemperature: 823ms, cpuCurrentSpeed: 281ms, fsStats: 281ms (Total: 823ms)
[SystemMonitor] Slow metrics: currentLoad: 279ms, mem: 707ms, fsSize: 704ms, networkStats: 761ms, cpuTemperature: 807ms, cpuCurrentSpeed: 279ms, fsStats: 279ms (Total: 807ms)
[SystemMonitor] Slow metrics: currentLoad: 286ms, mem: 714ms, fsSize: 713ms, networkStats: 779ms, cpuTemperature: 804ms, cpuCurrentSpeed: 286ms, fsStats: 286ms (Total: 804ms)
[SystemMonitor] Slow metrics: currentLoad: 282ms, mem: 698ms, fsSize: 705ms, networkStats: 755ms, cpuTemperature: 818ms, cpuCurrentSpeed: 282ms, fsStats: 282ms (Total: 818ms)
[SystemMonitor] Slow metrics: currentLoad: 283ms, mem: 699ms, fsSize: 705ms, networkStats: 754ms, cpuTemperature: 805ms, cpuCurrentSpeed: 283ms, fsStats: 283ms (Total: 805ms)
[SystemMonitor] Slow metrics: currentLoad: 284ms, mem: 726ms, fsSize: 735ms, networkStats: 764ms, cpuTemperature: 822ms, cpuCurrentSpeed: 284ms, fsStats: 284ms (Total: 822ms)
[SystemMonitor] Slow metrics: currentLoad: 290ms, mem: 723ms, fsSize: 721ms, networkStats: 790ms, cpuTemperature: 819ms, cpuCurrentSpeed: 290ms, fsStats: 290ms (Total: 819ms)
[SystemMonitor] Slow metrics: currentLoad: 298ms, mem: 713ms, fsSize: 751ms, networkStats: 775ms, cpuTemperature: 831ms, cpuCurrentSpeed: 298ms, fsStats: 298ms (Total: 831ms)
[SystemMonitor] Slow metrics: currentLoad: 289ms, mem: 756ms, fsSize: 746ms, networkStats: 811ms, cpuTemperature: 856ms, cpuCurrentSpeed: 289ms, fsStats: 289ms (Total: 856ms)
[SystemMonitor] Slow metrics: currentLoad: 288ms, mem: 729ms, fsSize: 717ms, networkStats: 773ms, cpuTemperature: 822ms, cpuCurrentSpeed: 288ms, fsStats: 288ms (Total: 822ms)
[SystemMonitor] Slow metrics: currentLoad: 302ms, mem: 742ms, fsSize: 740ms, networkStats: 800ms, cpuTemperature: 848ms, cpuCurrentSpeed: 302ms, fsStats: 302ms (Total: 848ms)
[SystemMonitor] Slow metrics: currentLoad: 284ms, mem: 719ms, fsSize: 729ms, networkStats: 782ms, cpuTemperature: 832ms, cpuCurrentSpeed: 284ms, fsStats: 284ms (Total: 832ms)
[SystemMonitor] Slow metrics: currentLoad: 288ms, mem: 713ms, fsSize: 710ms, networkStats: 786ms, cpuTemperature: 833ms, cpuCurrentSpeed: 288ms, fsStats: 288ms (Total: 833ms)
[SystemMonitor] Slow metrics: currentLoad: 285ms, mem: 712ms, fsSize: 697ms, networkStats: 769ms, cpuTemperature: 817ms, cpuCurrentSpeed: 285ms, fsStats: 285ms (Total: 817ms)
[SystemMonitor] Slow metrics: currentLoad: 302ms, mem: 756ms, fsSize: 735ms, networkStats: 791ms, cpuTemperature: 857ms, cpuCurrentSpeed: 302ms, fsStats: 302ms (Total: 857ms)
[SystemMonitor] Slow metrics: currentLoad: 283ms, mem: 730ms, fsSize: 733ms, networkStats: 772ms, cpuTemperature: 818ms, cpuCurrentSpeed: 283ms, fsStats: 283ms (Total: 818ms)
[SystemMonitor] Slow metrics: currentLoad: 286ms, mem: 714ms, fsSize: 719ms, networkStats: 776ms, cpuTemperature: 818ms, cpuCurrentSpeed: 286ms, fsStats: 286ms (Total: 818ms)
[SystemMonitor] Slow metrics: currentLoad: 290ms, mem: 709ms, fsSize: 704ms, networkStats: 769ms, cpuTemperature: 817ms, cpuCurrentSpeed: 290ms, fsStats: 290ms (Total: 817ms)
[SystemMonitor] Slow metrics: currentLoad: 285ms, mem: 722ms, fsSize: 725ms, networkStats: 769ms, cpuTemperature: 821ms, cpuCurrentSpeed: 285ms, fsStats: 285ms (Total: 821ms)
[SystemMonitor] Slow metrics: currentLoad: 286ms, mem: 721ms, fsSize: 725ms, networkStats: 777ms, cpuTemperature: 822ms, cpuCurrentSpeed: 286ms, fsStats: 286ms (Total: 822ms)
[SystemMonitor] Slow metrics: currentLoad: 281ms, mem: 746ms, fsSize: 736ms, networkStats: 784ms, cpuTemperature: 830ms, cpuCurrentSpeed: 281ms, fsStats: 281ms (Total: 830ms)
[SystemMonitor] Slow metrics: currentLoad: 283ms, mem: 713ms, fsSize: 709ms, networkStats: 771ms, cpuTemperature: 799ms, cpuCurrentSpeed: 283ms, fsStats: 283ms (Total: 799ms)
[SystemMonitor] Slow metrics: currentLoad: 283ms, mem: 694ms, fsSize: 713ms, networkStats: 752ms, cpuTemperature: 816ms, cpuCurrentSpeed: 283ms, fsStats: 283ms (Total: 816ms)
[SystemMonitor] Slow metrics: currentLoad: 284ms, mem: 704ms, fsSize: 717ms, networkStats: 785ms, cpuTemperature: 821ms, cpuCurrentSpeed: 283ms, fsStats: 283ms (Total: 821ms)
[SystemMonitor] Slow metrics: currentLoad: 286ms, mem: 705ms, fsSize: 730ms, networkStats: 776ms, cpuTemperature: 833ms, cpuCurrentSpeed: 286ms, fsStats: 286ms (Total: 833ms)
[SystemMonitor] Slow metrics: currentLoad: 289ms, mem: 727ms, fsSize: 723ms, networkStats: 773ms, cpuTemperature: 824ms, cpuCurrentSpeed: 289ms, fsStats: 289ms (Total: 824ms)
[SystemMonitor] Slow metrics: currentLoad: 302ms, mem: 733ms, fsSize: 732ms, networkStats: 790ms, cpuTemperature: 837ms, cpuCurrentSpeed: 302ms, fsStats: 302ms (Total: 837ms)
[SystemMonitor] Slow metrics: currentLoad: 285ms, mem: 719ms, fsSize: 704ms, networkStats: 750ms, cpuTemperature: 805ms, cpuCurrentSpeed: 285ms, fsStats: 285ms (Total: 805ms)
[SystemMonitor] Slow metrics: currentLoad: 286ms, mem: 714ms, fsSize: 718ms, networkStats: 763ms, cpuTemperature: 810ms, cpuCurrentSpeed: 286ms, fsStats: 286ms (Total: 810ms)
[SystemMonitor] Slow metrics: currentLoad: 286ms, mem: 714ms, fsSize: 711ms, networkStats: 769ms, cpuTemperature: 814ms, cpuCurrentSpeed: 286ms, fsStats: 286ms (Total: 814ms)
[SystemMonitor] Slow metrics: currentLoad: 289ms, mem: 728ms, fsSize: 719ms, networkStats: 762ms, cpuTemperature: 823ms, cpuCurrentSpeed: 289ms, fsStats: 289ms (Total: 823ms)
[SystemMonitor] Slow metrics: currentLoad: 284ms, mem: 712ms, fsSize: 706ms, networkStats: 756ms, cpuTemperature: 796ms, cpuCurrentSpeed: 284ms, fsStats: 284ms (Total: 796ms)
[SystemMonitor] Slow metrics: currentLoad: 283ms, mem: 730ms, fsSize: 728ms, networkStats: 779ms, cpuTemperature: 824ms, cpuCurrentSpeed: 283ms, fsStats: 283ms (Total: 824ms)
[SystemMonitor] Slow metrics: currentLoad: 288ms, mem: 711ms, fsSize: 712ms, networkStats: 758ms, cpuTemperature: 808ms, cpuCurrentSpeed: 288ms, fsStats: 288ms (Total: 808ms)
[SystemMonitor] Slow metrics: currentLoad: 283ms, mem: 705ms, fsSize: 709ms, networkStats: 762ms, cpuTemperature: 795ms, cpuCurrentSpeed: 283ms, fsStats: 283ms (Total: 795ms)
[SystemMonitor] Slow metrics: currentLoad: 286ms, mem: 716ms, fsSize: 713ms, networkStats: 772ms, cpuTemperature: 809ms, cpuCurrentSpeed: 286ms, fsStats: 286ms (Total: 809ms)
[SystemMonitor] Slow metrics: currentLoad: 286ms, mem: 719ms, fsSize: 724ms, networkStats: 768ms, cpuTemperature: 818ms, cpuCurrentSpeed: 286ms, fsStats: 286ms (Total: 818ms)
